TN:
SF:/home/luka/Desktop/2026_Analysis_20-circa2020/20-circa2020/lib/src/arithmetic/adder.cpp
FN:7,_ZN5AdderC2Ev
FN:11,_ZN5Adder12resizeInputsEj
FN:35,_ZN5Adder13resizeOutputsEj
FN:40,_ZN5Adder6updateEv
FN:111,_ZNK5Adder7getTypeEv
FNDA:3,_ZN5Adder12resizeInputsEj
FNDA:8,_ZN5Adder6updateEv
FNDA:1,_ZN5Adder13resizeOutputsEj
FNDA:8,_ZN5AdderC2Ev
FNDA:1,_ZNK5Adder7getTypeEv
FNF:5
FNH:5
DA:7,8
DA:9,8
DA:11,3
DA:13,3
DA:14,0
DA:16,3
DA:17,1
DA:19,2
DA:20,0
DA:22,2
DA:24,2
DA:25,0
DA:27,2
DA:28,0
DA:30,2
DA:32,2
DA:35,1
DA:37,1
DA:40,8
DA:43,8
DA:45,8
DA:46,0
DA:47,0
DA:48,4
DA:51,56
DA:52,49
DA:53,5
DA:54,4
DA:55,1
DA:59,34
DA:60,30
DA:61,17
DA:62,14
DA:63,3
DA:67,4
DA:68,4
DA:70,4
DA:71,13
DA:72,9
DA:73,7
DA:74,9
DA:76,4
DA:77,1
DA:79,4
DA:80,13
DA:81,9
DA:82,7
DA:83,9
DA:85,4
DA:86,1
DA:88,4
DA:90,8
DA:91,4
DA:92,3
DA:94,1
DA:95,1
DA:98,17
DA:99,13
DA:100,13
DA:103,21
DA:104,17
DA:106,21
DA:107,17
DA:111,1
DA:113,1
LF:65
LH:59
end_of_record
TN:
SF:/home/luka/Desktop/2026_Analysis_20-circa2020/20-circa2020/lib/src/arithmetic/adder.hpp
FN:11,_ZN5AdderD2Ev
FN:11,_ZN5AdderD0Ev
FNDA:0,_ZN5AdderD0Ev
FNDA:8,_ZN5AdderD2Ev
FNF:2
FNH:1
DA:11,8
LF:1
LH:1
end_of_record
TN:
SF:/home/luka/Desktop/2026_Analysis_20-circa2020/20-circa2020/lib/src/arithmetic/comparator.cpp
FN:8,_ZN10ComparatorC2Ev
FN:12,_ZN10Comparator13resizeOutputsEj
FN:17,_ZN10Comparator12resizeInputsEj
FN:34,_ZN10Comparator6updateEv
FN:95,_ZNK10Comparator7getTypeEv
FNDA:0,_ZN10ComparatorC2Ev
FNDA:0,_ZN10Comparator13resizeOutputsEj
FNDA:0,_ZN10Comparator6updateEv
FNDA:0,_ZN10Comparator12resizeInputsEj
FNDA:0,_ZNK10Comparator7getTypeEv
FNF:5
FNH:0
DA:8,0
DA:10,0
DA:12,0
DA:14,0
DA:17,0
DA:20,0
DA:21,0
DA:23,0
DA:24,0
DA:27,0
DA:28,0
DA:30,0
DA:31,0
DA:34,0
DA:37,0
DA:39,0
DA:40,0
DA:41,0
DA:42,0
DA:45,0
DA:46,0
DA:47,0
DA:48,0
DA:49,0
DA:53,0
DA:54,0
DA:55,0
DA:56,0
DA:57,0
DA:61,0
DA:62,0
DA:64,0
DA:65,0
DA:66,0
DA:68,0
DA:69,0
DA:71,0
DA:72,0
DA:73,0
DA:75,0
DA:76,0
DA:78,0
DA:79,0
DA:80,0
DA:81,0
DA:82,0
DA:83,0
DA:84,0
DA:85,0
DA:86,0
DA:87,0
DA:89,0
DA:90,0
DA:91,0
DA:95,0
DA:97,0
LF:56
LH:0
end_of_record
TN:
SF:/home/luka/Desktop/2026_Analysis_20-circa2020/20-circa2020/lib/src/arithmetic/comparator.hpp
FN:10,_ZN10ComparatorD2Ev
FN:10,_ZN10ComparatorD0Ev
FNDA:0,_ZN10ComparatorD2Ev
FNDA:0,_ZN10ComparatorD0Ev
FNF:2
FNH:0
DA:10,0
LF:1
LH:0
end_of_record
TN:
SF:/home/luka/Desktop/2026_Analysis_20-circa2020/20-circa2020/lib/src/arithmetic/divider.cpp
FN:7,_ZN7DividerC2Ev
FN:11,_ZN7Divider12resizeInputsEj
FN:35,_ZN7Divider13resizeOutputsEj
FN:40,_ZN7Divider6updateEv
FN:110,_ZNK7Divider7getTypeEv
FNDA:0,_ZNK7Divider7getTypeEv
FNDA:0,_ZN7Divider6updateEv
FNDA:0,_ZN7Divider13resizeOutputsEj
FNDA:0,_ZN7DividerC2Ev
FNDA:0,_ZN7Divider12resizeInputsEj
FNF:5
FNH:0
DA:7,0
DA:9,0
DA:11,0
DA:13,0
DA:14,0
DA:16,0
DA:17,0
DA:19,0
DA:20,0
DA:22,0
DA:24,0
DA:25,0
DA:27,0
DA:28,0
DA:30,0
DA:32,0
DA:35,0
DA:37,0
DA:40,0
DA:43,0
DA:45,0
DA:46,0
DA:47,0
DA:48,0
DA:51,0
DA:52,0
DA:53,0
DA:54,0
DA:55,0
DA:59,0
DA:60,0
DA:61,0
DA:62,0
DA:63,0
DA:67,0
DA:68,0
DA:70,0
DA:71,0
DA:72,0
DA:73,0
DA:74,0
DA:76,0
DA:77,0
DA:79,0
DA:80,0
DA:81,0
DA:82,0
DA:83,0
DA:85,0
DA:86,0
DA:88,0
DA:89,0
DA:91,0
DA:93,0
DA:94,0
DA:95,0
DA:97,0
DA:100,0
DA:101,0
DA:102,0
DA:105,0
DA:106,0
DA:110,0
DA:112,0
LF:64
LH:0
end_of_record
TN:
SF:/home/luka/Desktop/2026_Analysis_20-circa2020/20-circa2020/lib/src/arithmetic/divider.hpp
FN:10,_ZN7DividerD0Ev
FN:10,_ZN7DividerD2Ev
FNDA:0,_ZN7DividerD2Ev
FNDA:0,_ZN7DividerD0Ev
FNF:2
FNH:0
DA:10,0
LF:1
LH:0
end_of_record
TN:
SF:/home/luka/Desktop/2026_Analysis_20-circa2020/20-circa2020/lib/src/arithmetic/multiplier.cpp
FN:7,_ZN10MultiplierC2Ev
FN:11,_ZN10Multiplier12resizeInputsEj
FN:35,_ZN10Multiplier13resizeOutputsEj
FN:40,_ZN10Multiplier6updateEv
FN:110,_ZNK10Multiplier7getTypeEv
FNDA:0,_ZNK10Multiplier7getTypeEv
FNDA:0,_ZN10MultiplierC2Ev
FNDA:0,_ZN10Multiplier12resizeInputsEj
FNDA:0,_ZN10Multiplier13resizeOutputsEj
FNDA:0,_ZN10Multiplier6updateEv
FNF:5
FNH:0
DA:7,0
DA:9,0
DA:11,0
DA:13,0
DA:14,0
DA:16,0
DA:17,0
DA:19,0
DA:20,0
DA:22,0
DA:24,0
DA:25,0
DA:27,0
DA:28,0
DA:30,0
DA:32,0
DA:35,0
DA:37,0
DA:40,0
DA:42,0
DA:44,0
DA:45,0
DA:46,0
DA:47,0
DA:50,0
DA:51,0
DA:52,0
DA:53,0
DA:54,0
DA:58,0
DA:59,0
DA:60,0
DA:61,0
DA:62,0
DA:66,0
DA:67,0
DA:69,0
DA:70,0
DA:71,0
DA:72,0
DA:73,0
DA:75,0
DA:76,0
DA:78,0
DA:79,0
DA:80,0
DA:81,0
DA:82,0
DA:84,0
DA:85,0
DA:87,0
DA:89,0
DA:90,0
DA:91,0
DA:93,0
DA:96,0
DA:97,0
DA:98,0
DA:101,0
DA:102,0
DA:105,0
DA:106,0
DA:110,0
DA:112,0
LF:64
LH:0
end_of_record
TN:
SF:/home/luka/Desktop/2026_Analysis_20-circa2020/20-circa2020/lib/src/arithmetic/multiplier.hpp
FN:10,_ZN10MultiplierD0Ev
FN:10,_ZN10MultiplierD2Ev
FNDA:0,_ZN10MultiplierD2Ev
FNDA:0,_ZN10MultiplierD0Ev
FNF:2
FNH:0
DA:10,0
LF:1
LH:0
end_of_record
TN:
SF:/home/luka/Desktop/2026_Analysis_20-circa2020/20-circa2020/lib/src/arithmetic/negator.cpp
FN:7,_ZN7NegatorC2Ev
FN:11,_ZN7Negator12resizeInputsEj
FN:32,_ZN7Negator13resizeOutputsEj
FN:37,_ZN7Negator6updateEv
FN:92,_ZNK7Negator7getTypeEv
FNDA:0,_ZN7Negator13resizeOutputsEj
FNDA:0,_ZN7Negator12resizeInputsEj
FNDA:0,_ZNK7Negator7getTypeEv
FNDA:0,_ZN7NegatorC2Ev
FNDA:0,_ZN7Negator6updateEv
FNF:5
FNH:0
DA:7,0
DA:9,0
DA:11,0
DA:13,0
DA:14,0
DA:16,0
DA:17,0
DA:19,0
DA:21,0
DA:22,0
DA:24,0
DA:25,0
DA:27,0
DA:29,0
DA:32,0
DA:34,0
DA:37,0
DA:40,0
DA:42,0
DA:43,0
DA:44,0
DA:45,0
DA:46,0
DA:50,0
DA:51,0
DA:52,0
DA:53,0
DA:54,0
DA:58,0
DA:60,0
DA:61,0
DA:62,0
DA:63,0
DA:64,0
DA:67,0
DA:68,0
DA:70,0
DA:72,0
DA:73,0
DA:74,0
DA:76,0
DA:79,0
DA:80,0
DA:81,0
DA:84,0
DA:85,0
DA:87,0
DA:88,0
DA:92,0
DA:94,0
LF:50
LH:0
end_of_record
TN:
SF:/home/luka/Desktop/2026_Analysis_20-circa2020/20-circa2020/lib/src/arithmetic/negator.hpp
FN:10,_ZN7NegatorD2Ev
FN:10,_ZN7NegatorD0Ev
FNDA:0,_ZN7NegatorD0Ev
FNDA:0,_ZN7NegatorD2Ev
FNF:2
FNH:0
DA:10,0
LF:1
LH:0
end_of_record
TN:
SF:/home/luka/Desktop/2026_Analysis_20-circa2020/20-circa2020/lib/src/arithmetic/subtractor.cpp
FN:7,_ZN10SubtractorC2Ev
FN:11,_ZN10Subtractor12resizeInputsEj
FN:34,_ZN10Subtractor13resizeOutputsEj
FN:39,_ZN10Subtractor6updateEv
FN:105,_ZNK10Subtractor7getTypeEv
FNDA:0,_ZN10Subtractor13resizeOutputsEj
FNDA:0,_ZN10Subtractor12resizeInputsEj
FNDA:0,_ZN10SubtractorC2Ev
FNDA:0,_ZNK10Subtractor7getTypeEv
FNDA:0,_ZN10Subtractor6updateEv
FNF:5
FNH:0
DA:7,0
DA:9,0
DA:11,0
DA:13,0
DA:14,0
DA:16,0
DA:17,0
DA:19,0
DA:20,0
DA:22,0
DA:24,0
DA:25,0
DA:27,0
DA:28,0
DA:30,0
DA:31,0
DA:34,0
DA:36,0
DA:39,0
DA:41,0
DA:43,0
DA:44,0
DA:45,0
DA:46,0
DA:49,0
DA:50,0
DA:51,0
DA:52,0
DA:53,0
DA:57,0
DA:58,0
DA:59,0
DA:60,0
DA:61,0
DA:65,0
DA:66,0
DA:68,0
DA:69,0
DA:70,0
DA:71,0
DA:72,0
DA:74,0
DA:75,0
DA:77,0
DA:78,0
DA:79,0
DA:80,0
DA:81,0
DA:83,0
DA:84,0
DA:86,0
DA:88,0
DA:89,0
DA:90,0
DA:92,0
DA:95,0
DA:96,0
DA:97,0
DA:100,0
DA:101,0
DA:105,0
DA:107,0
LF:62
LH:0
end_of_record
TN:
SF:/home/luka/Desktop/2026_Analysis_20-circa2020/20-circa2020/lib/src/arithmetic/subtractor.hpp
FN:10,_ZN10SubtractorD2Ev
FN:10,_ZN10SubtractorD0Ev
FNDA:0,_ZN10SubtractorD2Ev
FNDA:0,_ZN10SubtractorD0Ev
FNF:2
FNH:0
DA:10,0
LF:1
LH:0
end_of_record
TN:
SF:/home/luka/Desktop/2026_Analysis_20-circa2020/20-circa2020/lib/src/circuitboard.cpp
FN:5,_ZN12CircuitBoardC2Ev
FN:7,_ZN12CircuitBoardD0Ev
FN:7,_ZN12CircuitBoardD2Ev
FN:12,_ZN12CircuitBoard3addEP9Componentb
FN:21,_ZN12CircuitBoard3getEi
FN:29,_ZN12CircuitBoard6getAllEv
FN:34,_ZN12CircuitBoard6removeEP9Component
FN:45,_ZN12CircuitBoard9removeAllEv
FN:54,_ZNK12CircuitBoard14serializeBoardERSo
FN:72,_ZN12CircuitBoard16deserializeBoardERSi
FN:96,_ZN12CircuitBoard6nextIdEv
FNDA:0,_ZNK12CircuitBoard14serializeBoardERSo
FNDA:0,_ZN12CircuitBoard16deserializeBoardERSi
FNDA:0,_ZN12CircuitBoard6getAllEv
FNDA:0,_ZN12CircuitBoardD0Ev
FNDA:0,_ZN12CircuitBoardD2Ev
FNDA:0,_ZN12CircuitBoard6nextIdEv
FNDA:0,_ZN12CircuitBoard9removeAllEv
FNDA:0,_ZN12CircuitBoard3addEP9Componentb
FNDA:0,_ZN12CircuitBoard3getEi
FNDA:0,_ZN12CircuitBoard6removeEP9Component
FNDA:0,_ZN12CircuitBoardC2Ev
FNF:11
FNH:0
DA:5,0
DA:7,0
DA:9,0
DA:10,0
DA:12,0
DA:14,0
DA:15,0
DA:16,0
DA:18,0
DA:19,0
DA:21,0
DA:23,0
DA:24,0
DA:25,0
DA:26,0
DA:29,0
DA:31,0
DA:34,0
DA:36,0
DA:37,0
DA:38,0
DA:39,0
DA:40,0
DA:41,0
DA:43,0
DA:45,0
DA:47,0
DA:48,0
DA:50,0
DA:51,0
DA:52,0
DA:54,0
DA:56,0
DA:57,0
DA:59,0
DA:60,0
DA:61,0
DA:62,0
DA:63,0
DA:66,0
DA:67,0
DA:68,0
DA:70,0
DA:72,0
DA:74,0
DA:77,0
DA:79,0
DA:80,0
DA:82,0
DA:83,0
DA:84,0
DA:85,0
DA:86,0
DA:87,0
DA:90,0
DA:91,0
DA:92,0
DA:94,0
DA:96,0
DA:98,0
LF:60
LH:0
end_of_record
TN:
SF:/home/luka/Desktop/2026_Analysis_20-circa2020/20-circa2020/lib/src/component/component.cpp
FN:10,_ZN9ComponentC2Ejj
FN:17,_ZN9Component15propagateInputsEv
FN:36,_ZN9Component18notifyStateChangedEv
FN:42,_ZN9Component18notifyStateChangedERSt13unordered_mapIPS_jSt4hashIS1_ESt8equal_toIS1_ESaISt4pairIKS1_jEEE
FN:81,_ZN9Component12getInputSizeEv
FN:86,_ZN9Component13getOutputSizeEv
FN:91,_ZN9Component12resizeInputsEj
FN:101,_ZN9Component13resizeOutputsEj
FN:112,_ZN9Component14short_identifyB5cxx11Ev
FN:214,_ZN9Component22input_connection_takenEj
FN:219,_ZN9Component23output_connection_takenEj
FN:224,_ZN9Component19getInputConnectionsEv
FN:229,_ZN9Component20getOutputConnectionsEv
FN:235,_ZN9Component8getInputEj
FN:240,_ZN9Component9getOutputEj
FN:245,_ZN9Component8setInputEjN6Signal5StateE
FN:254,_ZN9Component5setIdEi
FN:259,_ZNK9Component5getIdEv
FN:264,_ZNK9Component9serializeERSo
FN:279,_ZN9Component11deserializeERSiSt3mapIiPS_St4lessIiESaISt4pairIKiS2_EEE
FNDA:0,_ZNK9Component5getIdEv
FNDA:28,_ZN9Component8setInputEjN6Signal5StateE
FNDA:0,_ZN9Component5setIdEi
FNDA:0,_ZN9Component13resizeOutputsEj
FNDA:45,_ZN9Component12getInputSizeEv
FNDA:0,_ZN9Component23output_connection_takenEj
FNDA:25,_ZN9Component9getOutputEj
FNDA:0,_ZN9Component20getOutputConnectionsEv
FNDA:8,_ZN9Component15propagateInputsEv
FNDA:8,_ZN9Component18notifyStateChangedERSt13unordered_mapIPS_jSt4hashIS1_ESt8equal_toIS1_ESaISt4pairIKS1_jEEE
FNDA:0,_ZN9Component8getInputEj
FNDA:8,_ZN9Component18notifyStateChangedEv
FNDA:0,_ZN9Component11deserializeERSiSt3mapIiPS_St4lessIiESaISt4pairIKiS2_EEE
FNDA:0,_ZN9Component14short_identifyB5cxx11Ev
FNDA:0,_ZN9Component22input_connection_takenEj
FNDA:0,_ZNK9Component9serializeERSo
FNDA:25,_ZN9Component13getOutputSizeEv
FNDA:8,_ZN9ComponentC2Ejj
FNDA:0,_ZN9Component19getInputConnectionsEv
FNDA:0,_ZN9Component12resizeInputsEj
FNF:20
FNH:8
DA:10,8
DA:11,8
DA:12,8
DA:13,24
DA:15,8
DA:17,8
DA:19,8
DA:20,8
DA:21,2
DA:22,2
DA:23,2
DA:25,62
DA:26,54
DA:27,0
DA:28,54
DA:29,28
DA:33,8
DA:36,8
DA:38,16
DA:39,8
DA:40,8
DA:42,8
DA:44,8
DA:45,8
DA:47,8
DA:48,8
DA:50,0
DA:52,8
DA:53,0
DA:54,0
DA:57,8
DA:60,62
DA:61,54
DA:65,16
DA:66,43
DA:67,35
DA:69,0
DA:71,35
DA:72,21
DA:75,8
DA:76,0
DA:81,45
DA:83,45
DA:86,25
DA:88,25
DA:91,0
DA:93,0
DA:94,0
DA:95,0
DA:96,0
DA:97,0
DA:98,0
DA:101,0
DA:103,0
DA:104,0
DA:105,0
DA:106,0
DA:107,0
DA:108,0
DA:112,0
DA:114,0
DA:115,0
DA:116,0
DA:117,0
DA:118,0
DA:119,0
DA:120,0
DA:121,0
DA:122,0
DA:123,0
DA:124,0
DA:125,0
DA:126,0
DA:127,0
DA:128,0
DA:129,0
DA:130,0
DA:131,0
DA:132,0
DA:133,0
DA:134,0
DA:135,0
DA:136,0
DA:137,0
DA:138,0
DA:139,0
DA:140,0
DA:141,0
DA:142,0
DA:143,0
DA:144,0
DA:145,0
DA:146,0
DA:147,0
DA:148,0
DA:149,0
DA:150,0
DA:151,0
DA:152,0
DA:153,0
DA:154,0
DA:155,0
DA:156,0
DA:157,0
DA:158,0
DA:159,0
DA:160,0
DA:161,0
DA:162,0
DA:163,0
DA:164,0
DA:165,0
DA:166,0
DA:167,0
DA:168,0
DA:169,0
DA:170,0
DA:171,0
DA:172,0
DA:173,0
DA:174,0
DA:175,0
DA:176,0
DA:177,0
DA:178,0
DA:179,0
DA:180,0
DA:181,0
DA:182,0
DA:183,0
DA:184,0
DA:185,0
DA:186,0
DA:187,0
DA:188,0
DA:189,0
DA:190,0
DA:191,0
DA:192,0
DA:193,0
DA:194,0
DA:195,0
DA:196,0
DA:197,0
DA:198,0
DA:199,0
DA:200,0
DA:201,0
DA:202,0
DA:205,0
DA:206,0
DA:207,0
DA:208,0
DA:209,0
DA:210,0
DA:211,0
DA:214,0
DA:216,0
DA:219,0
DA:221,0
DA:224,0
DA:226,0
DA:229,0
DA:231,0
DA:235,0
DA:237,0
DA:240,25
DA:242,25
DA:245,28
DA:247,28
DA:248,0
DA:251,28
DA:254,0
DA:256,0
DA:257,0
DA:259,0
DA:261,0
DA:264,0
DA:266,0
DA:267,0
DA:268,0
DA:269,0
DA:272,0
DA:273,0
DA:274,0
DA:275,0
DA:277,0
DA:279,0
DA:282,0
DA:283,0
DA:284,0
DA:285,0
DA:289,0
DA:290,0
DA:291,0
DA:292,0
DA:294,0
LF:197
LH:44
end_of_record
TN:
SF:/home/luka/Desktop/2026_Analysis_20-circa2020/20-circa2020/lib/src/component/component.hpp
FN:22,_ZN9ComponentD0Ev
FN:22,_ZN9ComponentD2Ev
FNDA:0,_ZN9ComponentD0Ev
FNDA:8,_ZN9ComponentD2Ev
FNF:2
FNH:1
DA:22,8
LF:1
LH:1
end_of_record
TN:
SF:/home/luka/Desktop/2026_Analysis_20-circa2020/20-circa2020/lib/src/component/componentfactory.cpp
FN:3,_ZN16ComponentFactory8instanceEv
FN:9,_ZN16ComponentFactory4makeE14ComponentTypes
FN:74,_ZN16ComponentFactory7makePinEN6Signal5StateE
FN:79,_ZN16ComponentFactory13makeLightBulbEv
FN:84,_ZN16ComponentFactory8makeWireEv
FN:89,_ZN16ComponentFactory11makeAndGateEv
FN:94,_ZN16ComponentFactory10makeOrGateEv
FN:99,_ZN16ComponentFactory11makeXorGateEv
FN:104,_ZN16ComponentFactory12makeNandGateEv
FN:109,_ZN16ComponentFactory11makeNorGateEv
FN:114,_ZN16ComponentFactory12makeXnorGateEv
FN:119,_ZN16ComponentFactory13makeCompositeESt6vectorIP3PinSaIS2_EES0_IP9LightBulbSaIS6_EE
FN:133,_ZN16ComponentFactory12makeConstantEN6Signal5StateE
FN:138,_ZN16ComponentFactory10makeBufferEv
FN:143,_ZN16ComponentFactory11makeNotGateEv
FN:148,_ZN16ComponentFactory15makeMultiplexerEv
FN:153,_ZN16ComponentFactory17makeDemultiplexerEv
FN:158,_ZN16ComponentFactory11makeEncoderEv
FN:163,_ZN16ComponentFactory11makeDecoderEv
FN:168,_ZN16ComponentFactory14makeComparatorEv
FN:173,_ZN16ComponentFactory9makeAdderEv
FN:178,_ZN16ComponentFactory14makeSubtractorEv
FN:183,_ZN16ComponentFactory14makeMultiplierEv
FN:188,_ZN16ComponentFactory11makeDividerEv
FN:193,_ZN16ComponentFactory11makeNegatorEv
FN:198,_ZN16ComponentFactory12makeSplitterEv
FN:203,_ZN16ComponentFactory14makeSRFlipFlopEv
FN:208,_ZN16ComponentFactory14makeJKFlipFlopEv
FN:213,_ZN16ComponentFactory13makeTFlipFlopEv
FN:218,_ZN16ComponentFactory13makeDFlipFlopEv
FN:223,_ZN16ComponentFactory9makeClockEv
FN:235,_ZN16ComponentFactory11shallowCopyEP9Component
FN:304,_ZN16ComponentFactory8deepCopyEP9ComponentP12CircuitBoardRSt13unordered_mapIS1_S1_St4hashIS1_ESt8equal_toIS1_ESaISt4pairIKS1_S1_EEE
FN:306,_ZZN16ComponentFactory8deepCopyEP9ComponentP12CircuitBoardRSt13unordered_mapIS1_S1_St4hashIS1_ESt8equal_toIS1_ESaISt4pairIKS1_S1_EEEENKUlT_E_clIS1_EEDaSF_
FN:328,_ZN16ComponentFactory8deepCopyEP9ComponentP12CircuitBoardRSt13unordered_mapIS1_S1_St4hashIS1_ESt8equal_toIS1_ESaISt4pairIKS1_S1_EEESt8functionIFbS1_EE
FNDA:0,_ZN16ComponentFactory11makeDecoderEv
FNDA:0,_ZN16ComponentFactory12makeSplitterEv
FNDA:0,_ZN16ComponentFactory11makeNegatorEv
FNDA:0,_ZN16ComponentFactory12makeXnorGateEv
FNDA:0,_ZN16ComponentFactory12makeNandGateEv
FNDA:0,_ZN16ComponentFactory11shallowCopyEP9Component
FNDA:0,_ZN16ComponentFactory14makeJKFlipFlopEv
FNDA:0,_ZN16ComponentFactory11makeEncoderEv
FNDA:0,_ZN16ComponentFactory11makeNotGateEv
FNDA:0,_ZN16ComponentFactory14makeMultiplierEv
FNDA:0,_ZN16ComponentFactory8deepCopyEP9ComponentP12CircuitBoardRSt13unordered_mapIS1_S1_St4hashIS1_ESt8equal_toIS1_ESaISt4pairIKS1_S1_EEESt8functionIFbS1_EE
FNDA:0,_ZN16ComponentFactory8makeWireEv
FNDA:0,_ZN16ComponentFactory11makeAndGateEv
FNDA:0,_ZN16ComponentFactory13makeCompositeESt6vectorIP3PinSaIS2_EES0_IP9LightBulbSaIS6_EE
FNDA:0,_ZZN16ComponentFactory8deepCopyEP9ComponentP12CircuitBoardRSt13unordered_mapIS1_S1_St4hashIS1_ESt8equal_toIS1_ESaISt4pairIKS1_S1_EEEENKUlT_E_clIS1_EEDaSF_
FNDA:0,_ZN16ComponentFactory9makeAdderEv
FNDA:0,_ZN16ComponentFactory8instanceEv
FNDA:0,_ZN16ComponentFactory14makeComparatorEv
FNDA:0,_ZN16ComponentFactory17makeDemultiplexerEv
FNDA:0,_ZN16ComponentFactory7makePinEN6Signal5StateE
FNDA:0,_ZN16ComponentFactory4makeE14ComponentTypes
FNDA:0,_ZN16ComponentFactory8deepCopyEP9ComponentP12CircuitBoardRSt13unordered_mapIS1_S1_St4hashIS1_ESt8equal_toIS1_ESaISt4pairIKS1_S1_EEE
FNDA:0,_ZN16ComponentFactory10makeBufferEv
FNDA:0,_ZN16ComponentFactory11makeNorGateEv
FNDA:0,_ZN16ComponentFactory12makeConstantEN6Signal5StateE
FNDA:0,_ZN16ComponentFactory11makeXorGateEv
FNDA:0,_ZN16ComponentFactory10makeOrGateEv
FNDA:0,_ZN16ComponentFactory14makeSRFlipFlopEv
FNDA:0,_ZN16ComponentFactory13makeTFlipFlopEv
FNDA:0,_ZN16ComponentFactory13makeDFlipFlopEv
FNDA:0,_ZN16ComponentFactory14makeSubtractorEv
FNDA:0,_ZN16ComponentFactory15makeMultiplexerEv
FNDA:0,_ZN16ComponentFactory9makeClockEv
FNDA:0,_ZN16ComponentFactory11makeDividerEv
FNDA:0,_ZN16ComponentFactory13makeLightBulbEv
FNF:35
FNH:0
DA:3,0
DA:6,0
DA:9,0
DA:11,0
DA:12,0
DA:13,0
DA:14,0
DA:15,0
DA:16,0
DA:17,0
DA:18,0
DA:19,0
DA:20,0
DA:21,0
DA:22,0
DA:23,0
DA:24,0
DA:25,0
DA:26,0
DA:27,0
DA:28,0
DA:29,0
DA:30,0
DA:31,0
DA:32,0
DA:33,0
DA:34,0
DA:35,0
DA:36,0
DA:37,0
DA:38,0
DA:39,0
DA:40,0
DA:41,0
DA:42,0
DA:43,0
DA:44,0
DA:45,0
DA:46,0
DA:47,0
DA:48,0
DA:49,0
DA:50,0
DA:51,0
DA:52,0
DA:53,0
DA:54,0
DA:55,0
DA:56,0
DA:57,0
DA:58,0
DA:59,0
DA:60,0
DA:61,0
DA:62,0
DA:63,0
DA:64,0
DA:65,0
DA:66,0
DA:67,0
DA:68,0
DA:69,0
DA:71,0
DA:74,0
DA:76,0
DA:79,0
DA:81,0
DA:84,0
DA:86,0
DA:89,0
DA:91,0
DA:94,0
DA:96,0
DA:99,0
DA:101,0
DA:104,0
DA:106,0
DA:109,0
DA:111,0
DA:114,0
DA:116,0
DA:119,0
DA:121,0
DA:123,0
DA:124,0
DA:125,0
DA:127,0
DA:128,0
DA:130,0
DA:133,0
DA:135,0
DA:138,0
DA:140,0
DA:143,0
DA:145,0
DA:148,0
DA:150,0
DA:153,0
DA:155,0
DA:158,0
DA:160,0
DA:163,0
DA:165,0
DA:168,0
DA:170,0
DA:173,0
DA:175,0
DA:178,0
DA:180,0
DA:183,0
DA:185,0
DA:188,0
DA:190,0
DA:193,0
DA:195,0
DA:198,0
DA:200,0
DA:203,0
DA:205,0
DA:208,0
DA:210,0
DA:213,0
DA:215,0
DA:218,0
DA:220,0
DA:223,0
DA:225,0
DA:235,0
DA:237,0
DA:238,0
DA:239,0
DA:240,0
DA:241,0
DA:242,0
DA:243,0
DA:244,0
DA:245,0
DA:246,0
DA:247,0
DA:248,0
DA:249,0
DA:250,0
DA:251,0
DA:252,0
DA:253,0
DA:254,0
DA:255,0
DA:256,0
DA:257,0
DA:258,0
DA:259,0
DA:260,0
DA:261,0
DA:262,0
DA:263,0
DA:264,0
DA:265,0
DA:266,0
DA:267,0
DA:268,0
DA:269,0
DA:270,0
DA:271,0
DA:272,0
DA:273,0
DA:274,0
DA:275,0
DA:276,0
DA:277,0
DA:278,0
DA:279,0
DA:280,0
DA:281,0
DA:282,0
DA:283,0
DA:284,0
DA:285,0
DA:286,0
DA:287,0
DA:288,0
DA:289,0
DA:290,0
DA:291,0
DA:292,0
DA:293,0
DA:294,0
DA:295,0
DA:296,0
DA:297,0
DA:299,0
DA:304,0
DA:306,0
DA:328,0
DA:332,0
DA:333,0
DA:334,0
DA:337,0
DA:339,0
DA:340,0
DA:341,0
DA:342,0
DA:343,0
DA:345,0
DA:346,0
DA:348,0
DA:351,0
DA:352,0
DA:354,0
DA:355,0
DA:356,0
DA:357,0
DA:358,0
DA:359,0
DA:361,0
DA:363,0
DA:364,0
DA:365,0
DA:366,0
DA:367,0
DA:370,0
DA:372,0
DA:374,0
LF:222
LH:0
end_of_record
TN:
SF:/home/luka/Desktop/2026_Analysis_20-circa2020/20-circa2020/lib/src/component/componenttype.cpp
FN:3,_ZN13ComponentType5toIntE14ComponentTypes
FN:68,_ZN13ComponentType7fromIntEi
FN:133,_ZN13ComponentType9serializeERSo14ComponentTypes
FN:139,_ZN13ComponentType11deserializeERSi
FNDA:0,_ZN13ComponentType9serializeERSo14ComponentTypes
FNDA:0,_ZN13ComponentType5toIntE14ComponentTypes
FNDA:0,_ZN13ComponentType7fromIntEi
FNDA:0,_ZN13ComponentType11deserializeERSi
FNF:4
FNH:0
DA:3,0
DA:5,0
DA:6,0
DA:7,0
DA:8,0
DA:9,0
DA:10,0
DA:11,0
DA:12,0
DA:13,0
DA:14,0
DA:15,0
DA:16,0
DA:17,0
DA:18,0
DA:19,0
DA:20,0
DA:21,0
DA:22,0
DA:23,0
DA:24,0
DA:25,0
DA:26,0
DA:27,0
DA:28,0
DA:29,0
DA:30,0
DA:31,0
DA:32,0
DA:33,0
DA:34,0
DA:35,0
DA:36,0
DA:37,0
DA:38,0
DA:39,0
DA:40,0
DA:41,0
DA:42,0
DA:43,0
DA:44,0
DA:45,0
DA:46,0
DA:47,0
DA:48,0
DA:49,0
DA:50,0
DA:51,0
DA:52,0
DA:53,0
DA:54,0
DA:55,0
DA:56,0
DA:57,0
DA:58,0
DA:59,0
DA:60,0
DA:61,0
DA:62,0
DA:63,0
DA:65,0
DA:68,0
DA:70,0
DA:71,0
DA:72,0
DA:73,0
DA:74,0
DA:75,0
DA:76,0
DA:77,0
DA:78,0
DA:79,0
DA:80,0
DA:81,0
DA:82,0
DA:83,0
DA:84,0
DA:85,0
DA:86,0
DA:87,0
DA:88,0
DA:89,0
DA:90,0
DA:91,0
DA:92,0
DA:93,0
DA:94,0
DA:95,0
DA:96,0
DA:97,0
DA:98,0
DA:99,0
DA:100,0
DA:101,0
DA:102,0
DA:103,0
DA:104,0
DA:105,0
DA:106,0
DA:107,0
DA:108,0
DA:109,0
DA:110,0
DA:111,0
DA:112,0
DA:113,0
DA:114,0
DA:115,0
DA:116,0
DA:117,0
DA:118,0
DA:119,0
DA:120,0
DA:121,0
DA:122,0
DA:123,0
DA:124,0
DA:125,0
DA:126,0
DA:127,0
DA:128,0
DA:130,0
DA:133,0
DA:135,0
DA:136,0
DA:137,0
DA:139,0
DA:142,0
DA:143,0
LF:129
LH:0
end_of_record
TN:
SF:/home/luka/Desktop/2026_Analysis_20-circa2020/20-circa2020/lib/src/component/compositecomponent.cpp
FN:5,_ZN18CompositeComponentC2Ejj
FN:9,_ZN18CompositeComponent3addEP9Componentb
FN:22,_ZN18CompositeComponent6setPinEjP3Pin
FN:26,_ZN18CompositeComponent5setLbEjP9LightBulb
FN:31,_ZN18CompositeComponent6getPinEj
FN:36,_ZN18CompositeComponent5getLbEj
FN:41,_ZN18CompositeComponent6updateEv
FN:57,_ZNK18CompositeComponent9serializeERSo
FN:77,_ZN18CompositeComponent11deserializeERSiSt3mapIiP9ComponentSt4lessIiESaISt4pairIKiS3_EEE
FN:100,_ZNK18CompositeComponent7getTypeEv
FNDA:0,_ZN18CompositeComponent5setLbEjP9LightBulb
FNDA:0,_ZN18CompositeComponentC2Ejj
FNDA:0,_ZN18CompositeComponent6setPinEjP3Pin
FNDA:0,_ZNK18CompositeComponent7getTypeEv
FNDA:0,_ZN18CompositeComponent6getPinEj
FNDA:0,_ZN18CompositeComponent11deserializeERSiSt3mapIiP9ComponentSt4lessIiESaISt4pairIKiS3_EEE
FNDA:0,_ZN18CompositeComponent5getLbEj
FNDA:0,_ZN18CompositeComponent3addEP9Componentb
FNDA:0,_ZNK18CompositeComponent9serializeERSo
FNDA:0,_ZN18CompositeComponent6updateEv
FNF:10
FNH:0
DA:5,0
DA:7,0
DA:9,0
DA:12,0
DA:13,0
DA:14,0
DA:15,0
DA:16,0
DA:19,0
DA:20,0
DA:22,0
DA:24,0
DA:25,0
DA:26,0
DA:28,0
DA:29,0
DA:31,0
DA:33,0
DA:36,0
DA:38,0
DA:41,0
DA:43,0
DA:46,0
DA:47,0
DA:49,0
DA:52,0
DA:53,0
DA:55,0
DA:57,0
DA:59,0
DA:60,0
DA:62,0
DA:63,0
DA:64,0
DA:65,0
DA:66,0
DA:69,0
DA:70,0
DA:71,0
DA:72,0
DA:73,0
DA:75,0
DA:77,0
DA:79,0
DA:81,0
DA:84,0
DA:85,0
DA:87,0
DA:88,0
DA:92,0
DA:93,0
DA:95,0
DA:96,0
DA:98,0
DA:100,0
DA:102,0
LF:56
LH:0
end_of_record
TN:
SF:/home/luka/Desktop/2026_Analysis_20-circa2020/20-circa2020/lib/src/connection/connection.cpp
FN:5,_ZNK10Connection10hasChangedEv
FN:10,_ZN10Connection5flushEv
FN:15,_ZN10Connection9setSignalERK6Signal
FN:23,_ZNK10Connection9getSignalEv
FN:28,_ZN10ConnectionC2Ev
FN:32,_ZN10ConnectionC2ERKS_
FN:34,_ZN10ConnectionaSERKS_
FN:43,_ZNK10ConnectioncvbEv
FN:48,_ZN10Connection5resetEv
FN:55,_ZNK10Connection9serializeERSo
FN:71,_ZN10Connection11deserializeERSiSt3mapIiP9ComponentSt4lessIiESaISt4pairIKiS3_EEE
FN:89,_ZN10Connection7connectEP9Componentj
FN:96,_ZN10Connection10disconnectEv
FNDA:89,_ZNK10ConnectioncvbEv
FNDA:0,_ZN10Connection11deserializeERSiSt3mapIiP9ComponentSt4lessIiESaISt4pairIKiS3_EEE
FNDA:130,_ZNK10Connection9getSignalEv
FNDA:106,_ZN10ConnectionC2ERKS_
FNDA:20,_ZN10ConnectionC2Ev
FNDA:89,_ZNK10Connection10hasChangedEv
FNDA:0,_ZN10Connection7connectEP9Componentj
FNDA:0,_ZNK10Connection9serializeERSo
FNDA:0,_ZN10ConnectionaSERKS_
FNDA:0,_ZN10Connection10disconnectEv
FNDA:63,_ZN10Connection9setSignalERK6Signal
FNDA:0,_ZN10Connection5resetEv
FNDA:75,_ZN10Connection5flushEv
FNF:13
FNH:7
DA:5,89
DA:7,89
DA:10,75
DA:12,75
DA:13,75
DA:15,63
DA:17,63
DA:18,14
DA:19,49
DA:20,49
DA:23,130
DA:25,130
DA:28,20
DA:30,20
DA:32,106
DA:34,0
DA:36,0
DA:37,0
DA:38,0
DA:39,0
DA:40,0
DA:43,89
DA:45,89
DA:48,0
DA:50,0
DA:51,0
DA:52,0
DA:53,0
DA:55,0
DA:57,0
DA:59,0
DA:60,0
DA:61,0
DA:62,0
DA:63,0
DA:64,0
DA:67,0
DA:68,0
DA:69,0
DA:71,0
DA:73,0
DA:75,0
DA:77,0
DA:78,0
DA:79,0
DA:80,0
DA:81,0
DA:82,0
DA:85,0
DA:86,0
DA:87,0
DA:89,0
DA:91,0
DA:92,0
DA:93,0
DA:94,0
DA:96,0
DA:98,0
DA:99,0
LF:59
LH:17
end_of_record
TN:
SF:/home/luka/Desktop/2026_Analysis_20-circa2020/20-circa2020/lib/src/connection/connectionmanager.cpp
FN:5,_ZN17ConnectionManager8InstanceEv
FN:11,_ZN17ConnectionManager7connectEP9ComponentjS1_j
FN:32,_ZN17ConnectionManager7connectEP9ComponentjS1_jb
FN:41,_ZN17ConnectionManager15disconnectInputEP9Componentj
FN:55,_ZN17ConnectionManager16disconnectInputsEP9Componentjj
FN:70,_ZN17ConnectionManager16disconnectInputsEP9Component
FN:84,_ZN17ConnectionManager16disconnectOutputEP9Componentj
FN:98,_ZN17ConnectionManager17disconnectOutputsEP9Componentjj
FN:116,_ZN17ConnectionManager17disconnectOutputsEP9Component
FN:133,_ZN17ConnectionManager9moveInputEP9Componentjjb
FN:147,_ZN17ConnectionManager22transferWireConnectionEP9ComponentS1_j
FN:153,_ZN17ConnectionManager13transferInputEP9ComponentjS1_jb
FN:178,_ZN17ConnectionManager14transferOutputEP9ComponentjS1_jb
FNDA:0,_ZN17ConnectionManager17disconnectOutputsEP9Componentjj
FNDA:0,_ZN17ConnectionManager7connectEP9ComponentjS1_j
FNDA:0,_ZN17ConnectionManager13transferInputEP9ComponentjS1_jb
FNDA:0,_ZN17ConnectionManager15disconnectInputEP9Componentj
FNDA:0,_ZN17ConnectionManager14transferOutputEP9ComponentjS1_jb
FNDA:0,_ZN17ConnectionManager16disconnectInputsEP9Component
FNDA:0,_ZN17ConnectionManager22transferWireConnectionEP9ComponentS1_j
FNDA:0,_ZN17ConnectionManager9moveInputEP9Componentjjb
FNDA:0,_ZN17ConnectionManager8InstanceEv
FNDA:0,_ZN17ConnectionManager16disconnectOutputEP9Componentj
FNDA:0,_ZN17ConnectionManager17disconnectOutputsEP9Component
FNDA:0,_ZN17ConnectionManager16disconnectInputsEP9Componentjj
FNDA:0,_ZN17ConnectionManager7connectEP9ComponentjS1_jb
FNF:13
FNH:0
DA:5,0
DA:8,0
DA:11,0
DA:13,0
DA:14,0
DA:16,0
DA:17,0
DA:19,0
DA:20,0
DA:21,0
DA:22,0
DA:23,0
DA:26,0
DA:27,0
DA:28,0
DA:29,0
DA:32,0
DA:35,0
DA:36,0
DA:38,0
DA:41,0
DA:43,0
DA:44,0
DA:45,0
DA:46,0
DA:47,0
DA:48,0
DA:49,0
DA:50,0
DA:51,0
DA:52,0
DA:55,0
DA:57,0
DA:58,0
DA:59,0
DA:60,0
DA:61,0
DA:62,0
DA:63,0
DA:64,0
DA:65,0
DA:67,0
DA:68,0
DA:70,0
DA:72,0
DA:73,0
DA:74,0
DA:75,0
DA:76,0
DA:77,0
DA:78,0
DA:79,0
DA:81,0
DA:82,0
DA:84,0
DA:86,0
DA:87,0
DA:88,0
DA:89,0
DA:90,0
DA:91,0
DA:92,0
DA:93,0
DA:94,0
DA:95,0
DA:98,0
DA:100,0
DA:101,0
DA:102,0
DA:103,0
DA:104,0
DA:105,0
DA:106,0
DA:107,0
DA:108,0
DA:109,0
DA:110,0
DA:112,0
DA:113,0
DA:114,0
DA:116,0
DA:118,0
DA:119,0
DA:120,0
DA:121,0
DA:122,0
DA:123,0
DA:124,0
DA:125,0
DA:126,0
DA:127,0
DA:129,0
DA:130,0
DA:131,0
DA:133,0
DA:135,0
DA:136,0
DA:137,0
DA:138,0
DA:139,0
DA:140,0
DA:141,0
DA:143,0
DA:144,0
DA:145,0
DA:147,0
DA:149,0
DA:150,0
DA:151,0
DA:153,0
DA:156,0
DA:157,0
DA:158,0
DA:159,0
DA:160,0
DA:161,0
DA:163,0
DA:165,0
DA:166,0
DA:167,0
DA:169,0
DA:170,0
DA:172,0
DA:173,0
DA:174,0
DA:178,0
DA:181,0
DA:182,0
DA:183,0
DA:184,0
DA:185,0
DA:186,0
DA:188,0
DA:190,0
DA:191,0
DA:192,0
DA:194,0
DA:196,0
DA:197,0
LF:139
LH:0
end_of_record
TN:
SF:/home/luka/Desktop/2026_Analysis_20-circa2020/20-circa2020/lib/src/connection/connectionsignal.cpp
FN:5,_ZN6SignalC2ENS_5StateE
FN:9,_ZN6SignalaSERKS_
FN:15,_ZNK6Signal8getStateEv
FN:20,_ZNK6SignaleqERKS_
FN:25,_ZNK6SignalneERKS_
FN:30,_ZNK6SignalntEv
FN:41,_ZlsRSoRK6Signal
FN:54,_ZN6Signal5toIntENS_5StateE
FN:69,_ZN6Signal7fromIntEi
FN:84,_ZNK6Signal9serializeERSo
FN:90,_ZN6Signal11deserializeERSi
FNDA:0,_ZNK6Signal9serializeERSo
FNDA:0,_ZN6Signal5toIntENS_5StateE
FNDA:0,_ZN6Signal7fromIntEi
FNDA:0,_ZlsRSoRK6Signal
FNDA:0,_ZNK6SignalneERKS_
FNDA:179,_ZNK6Signal8getStateEv
FNDA:49,_ZN6SignalaSERKS_
FNDA:0,_ZN6Signal11deserializeERSi
FNDA:83,_ZN6SignalC2ENS_5StateE
FNDA:63,_ZNK6SignaleqERKS_
FNDA:0,_ZNK6SignalntEv
FNF:11
FNH:4
DA:5,83
DA:7,83
DA:9,49
DA:11,49
DA:12,49
DA:15,179
DA:17,179
DA:20,63
DA:22,63
DA:25,0
DA:27,0
DA:30,0
DA:32,0
DA:33,0
DA:35,0
DA:36,0
DA:38,0
DA:41,0
DA:43,0
DA:44,0
DA:45,0
DA:46,0
DA:47,0
DA:48,0
DA:51,0
DA:54,0
DA:56,0
DA:57,0
DA:58,0
DA:59,0
DA:60,0
DA:61,0
DA:62,0
DA:63,0
DA:64,0
DA:66,0
DA:69,0
DA:71,0
DA:72,0
DA:73,0
DA:74,0
DA:75,0
DA:76,0
DA:77,0
DA:78,0
DA:79,0
DA:81,0
DA:84,0
DA:86,0
DA:87,0
DA:88,0
DA:90,0
DA:93,0
DA:94,0
DA:95,0
LF:55
LH:9
end_of_record
TN:
SF:/home/luka/Desktop/2026_Analysis_20-circa2020/20-circa2020/lib/src/connection/connectionsignal.hpp
FN:25,_ZNK6SignalcvNS_5StateEEv
FNDA:0,_ZNK6SignalcvNS_5StateEEv
FNF:1
FNH:0
DA:25,0
DA:27,0
LF:2
LH:0
end_of_record
TN:
SF:/home/luka/Desktop/2026_Analysis_20-circa2020/20-circa2020/lib/src/formula/converter.cpp
FN:13,_ZN9ConverterC2Ev
FN:15,_ZN9Converter17toExpressionTreesER12CircuitBoard
FN:32,_ZN9Converter13simplifyTreesESt6vectorIP6OpNodeSaIS2_EE
FN:41,_ZN9Converter10toFormulaeB5cxx11ESt6vectorIP6OpNodeSaIS2_EE
FN:50,_ZN9Converter8inputDfsEP9Component
FN:56,_ZN9Converter8inputDfsEP9ComponentSt3setIS1_St4lessIS1_ESaIS1_EE
FN:127,_ZN9Converter19makeSingleInputNodeE6OpTypeP9ComponentSt3setIS2_St4lessIS2_ESaIS2_EE
FN:170,_ZN9Converter18makeMultiInputNodeE6OpTypeP9ComponentSt3setIS2_St4lessIS2_ESaIS2_EE
FN:232,_ZN9Converter19getTransitiveInputsEP4WireRSt6vectorIP9ComponentSaIS4_EE
FN:238,_ZN9Converter19getTransitiveInputsEP4WireRSt3setIS1_St4lessIS1_ESaIS1_EERSt6vectorIP9ComponentSaISA_EE
FNDA:0,_ZN9Converter8inputDfsEP9Component
FNDA:0,_ZN9Converter19getTransitiveInputsEP4WireRSt6vectorIP9ComponentSaIS4_EE
FNDA:0,_ZN9Converter19makeSingleInputNodeE6OpTypeP9ComponentSt3setIS2_St4lessIS2_ESaIS2_EE
FNDA:0,_ZN9Converter17toExpressionTreesER12CircuitBoard
FNDA:0,_ZN9Converter8inputDfsEP9ComponentSt3setIS1_St4lessIS1_ESaIS1_EE
FNDA:0,_ZN9Converter19getTransitiveInputsEP4WireRSt3setIS1_St4lessIS1_ESaIS1_EERSt6vectorIP9ComponentSaISA_EE
FNDA:0,_ZN9Converter18makeMultiInputNodeE6OpTypeP9ComponentSt3setIS2_St4lessIS2_ESaIS2_EE
FNDA:0,_ZN9ConverterC2Ev
FNDA:0,_ZN9Converter13simplifyTreesESt6vectorIP6OpNodeSaIS2_EE
FNDA:0,_ZN9Converter10toFormulaeB5cxx11ESt6vectorIP6OpNodeSaIS2_EE
FNF:10
FNH:0
DA:13,0
DA:15,0
DA:17,0
DA:18,0
DA:19,0
DA:20,0
DA:21,0
DA:22,0
DA:23,0
DA:24,0
DA:26,0
DA:29,0
DA:32,0
DA:34,0
DA:35,0
DA:36,0
DA:38,0
DA:41,0
DA:43,0
DA:44,0
DA:45,0
DA:47,0
DA:50,0
DA:52,0
DA:53,0
DA:56,0
DA:58,0
DA:59,0
DA:60,0
DA:63,0
DA:65,0
DA:67,0
DA:68,0
DA:69,0
DA:70,0
DA:71,0
DA:72,0
DA:73,0
DA:74,0
DA:75,0
DA:76,0
DA:77,0
DA:78,0
DA:79,0
DA:80,0
DA:81,0
DA:82,0
DA:83,0
DA:84,0
DA:85,0
DA:86,0
DA:87,0
DA:88,0
DA:89,0
DA:91,0
DA:92,0
DA:94,0
DA:95,0
DA:96,0
DA:97,0
DA:99,0
DA:100,0
DA:102,0
DA:103,0
DA:104,0
DA:105,0
DA:107,0
DA:108,0
DA:110,0
DA:111,0
DA:112,0
DA:113,0
DA:115,0
DA:116,0
DA:117,0
DA:118,0
DA:119,0
DA:122,0
DA:124,0
DA:127,0
DA:129,0
DA:130,0
DA:132,0
DA:134,0
DA:135,0
DA:136,0
DA:137,0
DA:138,0
DA:139,0
DA:140,0
DA:141,0
DA:142,0
DA:144,0
DA:145,0
DA:147,0
DA:148,0
DA:149,0
DA:150,0
DA:151,0
DA:152,0
DA:153,0
DA:154,0
DA:155,0
DA:156,0
DA:157,0
DA:158,0
DA:160,0
DA:162,0
DA:165,0
DA:166,0
DA:170,0
DA:172,0
DA:173,0
DA:175,0
DA:177,0
DA:178,0
DA:179,0
DA:183,0
DA:184,0
DA:185,0
DA:186,0
DA:187,0
DA:188,0
DA:189,0
DA:190,0
DA:191,0
DA:192,0
DA:193,0
DA:194,0
DA:196,0
DA:197,0
DA:198,0
DA:199,0
DA:201,0
DA:205,0
DA:206,0
DA:207,0
DA:211,0
DA:212,0
DA:213,0
DA:214,0
DA:215,0
DA:216,0
DA:217,0
DA:218,0
DA:219,0
DA:220,0
DA:221,0
DA:222,0
DA:224,0
DA:225,0
DA:226,0
DA:229,0
DA:232,0
DA:234,0
DA:235,0
DA:236,0
DA:238,0
DA:240,0
DA:241,0
DA:243,0
DA:245,0
DA:246,0
DA:247,0
DA:248,0
DA:249,0
DA:251,0
LF:167
LH:0
end_of_record
TN:
SF:/home/luka/Desktop/2026_Analysis_20-circa2020/20-circa2020/lib/src/formula/nodes/andnode.cpp
FN:11,_ZN7AndNodeC2ESt6vectorIP6OpNodeSaIS2_EE
FN:15,_ZN7AndNodeD0Ev
FN:15,_ZN7AndNodeD2Ev
FN:21,_ZNK7AndNode8toStringB5cxx11Ev
FN:31,_ZN7AndNode8simplifyEv
FN:114,_ZNK7AndNode9getInputsEv
FN:119,_ZNK7AndNode7getTypeEv
FN:124,_ZNK7AndNode7isEqualEP6OpNode
FNDA:0,_ZNK7AndNode9getInputsEv
FNDA:0,_ZNK7AndNode7isEqualEP6OpNode
FNDA:0,_ZN7AndNodeD2Ev
FNDA:0,_ZN7AndNodeD0Ev
FNDA:0,_ZNK7AndNode8toStringB5cxx11Ev
FNDA:0,_ZN7AndNode8simplifyEv
FNDA:0,_ZN7AndNodeC2ESt6vectorIP6OpNodeSaIS2_EE
FNDA:0,_ZNK7AndNode7getTypeEv
FNF:8
FNH:0
DA:11,0
DA:13,0
DA:15,0
DA:17,0
DA:18,0
DA:19,0
DA:21,0
DA:23,0
DA:24,0
DA:25,0
DA:26,0
DA:28,0
DA:31,0
DA:33,0
DA:35,0
DA:36,0
DA:37,0
DA:39,0
DA:40,0
DA:41,0
DA:42,0
DA:43,0
DA:45,0
DA:46,0
DA:48,0
DA:50,0
DA:51,0
DA:52,0
DA:53,0
DA:55,0
DA:59,0
DA:60,0
DA:61,0
DA:63,0
DA:67,0
DA:68,0
DA:69,0
DA:70,0
DA:71,0
DA:72,0
DA:73,0
DA:76,0
DA:77,0
DA:79,0
DA:83,0
DA:84,0
DA:85,0
DA:86,0
DA:87,0
DA:88,0
DA:89,0
DA:90,0
DA:91,0
DA:92,0
DA:93,0
DA:96,0
DA:97,0
DA:101,0
DA:102,0
DA:103,0
DA:105,0
DA:109,0
DA:110,0
DA:111,0
DA:114,0
DA:116,0
DA:119,0
DA:121,0
DA:124,0
DA:126,0
DA:130,0
DA:131,0
DA:132,0
DA:133,0
DA:134,0
DA:135,0
DA:136,0
DA:137,0
DA:140,0
DA:141,0
DA:143,0
LF:81
LH:0
end_of_record
TN:
SF:/home/luka/Desktop/2026_Analysis_20-circa2020/20-circa2020/lib/src/formula/nodes/buffernode.cpp
FN:7,_ZN10BufferNodeC2EP6OpNode
FN:11,_ZN10BufferNodeD2Ev
FN:11,_ZN10BufferNodeD0Ev
FN:16,_ZNK10BufferNode8toStringB5cxx11Ev
FN:24,_ZN10BufferNode8simplifyEv
FN:29,_ZNK10BufferNode8getInputEv
FN:34,_ZNK10BufferNode7getTypeEv
FN:39,_ZNK10BufferNode7isEqualEP6OpNode
FNDA:0,_ZNK10BufferNode8toStringB5cxx11Ev
FNDA:0,_ZN10BufferNodeD0Ev
FNDA:0,_ZNK10BufferNode7getTypeEv
FNDA:0,_ZN10BufferNode8simplifyEv
FNDA:0,_ZN10BufferNodeD2Ev
FNDA:0,_ZNK10BufferNode8getInputEv
FNDA:0,_ZN10BufferNodeC2EP6OpNode
FNDA:0,_ZNK10BufferNode7isEqualEP6OpNode
FNF:8
FNH:0
DA:7,0
DA:9,0
DA:11,0
DA:13,0
DA:14,0
DA:16,0
DA:18,0
DA:19,0
DA:20,0
DA:21,0
DA:24,0
DA:26,0
DA:29,0
DA:31,0
DA:34,0
DA:36,0
DA:39,0
DA:41,0
DA:42,0
LF:19
LH:0
end_of_record
TN:
SF:/home/luka/Desktop/2026_Analysis_20-circa2020/20-circa2020/lib/src/formula/nodes/constantnode.cpp
FN:3,_ZN12ConstantNodeC2Eb
FN:7,_ZN12ConstantNodeD0Ev
FN:7,_ZN12ConstantNodeD2Ev
FN:9,_ZNK12ConstantNode8toStringB5cxx11Ev
FN:17,_ZN12ConstantNode8simplifyEv
FN:22,_ZNK12ConstantNode8getValueEv
FN:27,_ZNK12ConstantNode7getTypeEv
FN:32,_ZNK12ConstantNode7isEqualEP6OpNode
FNDA:0,_ZNK12ConstantNode8toStringB5cxx11Ev
FNDA:0,_ZNK12ConstantNode8getValueEv
FNDA:0,_ZNK12ConstantNode7getTypeEv
FNDA:0,_ZN12ConstantNodeD0Ev
FNDA:0,_ZN12ConstantNodeD2Ev
FNDA:0,_ZN12ConstantNode8simplifyEv
FNDA:0,_ZN12ConstantNodeC2Eb
FNDA:0,_ZNK12ConstantNode7isEqualEP6OpNode
FNF:8
FNH:0
DA:3,0
DA:5,0
DA:7,0
DA:9,0
DA:11,0
DA:12,0
DA:14,0
DA:17,0
DA:19,0
DA:22,0
DA:24,0
DA:27,0
DA:29,0
DA:32,0
DA:34,0
DA:35,0
LF:16
LH:0
end_of_record
TN:
SF:/home/luka/Desktop/2026_Analysis_20-circa2020/20-circa2020/lib/src/formula/nodes/inputnode.cpp
FN:3,_ZN9InputNodeC2Ei
FN:7,_ZN9InputNodeD2Ev
FN:7,_ZN9InputNodeD0Ev
FN:9,_ZNK9InputNode8toStringB5cxx11Ev
FN:14,_ZN9InputNode8simplifyEv
FN:19,_ZNK9InputNode5getIdEv
FN:24,_ZNK9InputNode7getTypeEv
FN:29,_ZNK9InputNode7isEqualEP6OpNode
FNDA:0,_ZNK9InputNode5getIdEv
FNDA:0,_ZN9InputNodeC2Ei
FNDA:0,_ZNK9InputNode7isEqualEP6OpNode
FNDA:0,_ZN9InputNodeD2Ev
FNDA:0,_ZN9InputNode8simplifyEv
FNDA:0,_ZN9InputNodeD0Ev
FNDA:0,_ZNK9InputNode8toStringB5cxx11Ev
FNDA:0,_ZNK9InputNode7getTypeEv
FNF:8
FNH:0
DA:3,0
DA:5,0
DA:7,0
DA:9,0
DA:11,0
DA:14,0
DA:16,0
DA:19,0
DA:21,0
DA:24,0
DA:26,0
DA:29,0
DA:31,0
DA:32,0
LF:14
LH:0
end_of_record
TN:
SF:/home/luka/Desktop/2026_Analysis_20-circa2020/20-circa2020/lib/src/formula/nodes/notnode.cpp
FN:8,_ZN7NotNodeC2EP6OpNode
FN:12,_ZN7NotNodeD2Ev
FN:12,_ZN7NotNodeD0Ev
FN:17,_ZNK7NotNode8toStringB5cxx11Ev
FN:26,_ZN7NotNode8simplifyEv
FN:43,_ZNK7NotNode8getInputEv
FN:48,_ZNK7NotNode7getTypeEv
FN:53,_ZNK7NotNode7isEqualEP6OpNode
FNDA:0,_ZN7NotNode8simplifyEv
FNDA:0,_ZNK7NotNode7isEqualEP6OpNode
FNDA:0,_ZN7NotNodeC2EP6OpNode
FNDA:0,_ZN7NotNodeD2Ev
FNDA:0,_ZN7NotNodeD0Ev
FNDA:0,_ZNK7NotNode8toStringB5cxx11Ev
FNDA:0,_ZNK7NotNode7getTypeEv
FNDA:0,_ZNK7NotNode8getInputEv
FNF:8
FNH:0
DA:8,0
DA:10,0
DA:12,0
DA:14,0
DA:15,0
DA:17,0
DA:19,0
DA:21,0
DA:22,0
DA:23,0
DA:26,0
DA:28,0
DA:29,0
DA:30,0
DA:31,0
DA:32,0
DA:33,0
DA:34,0
DA:35,0
DA:36,0
DA:37,0
DA:38,0
DA:40,0
DA:43,0
DA:45,0
DA:48,0
DA:50,0
DA:53,0
DA:55,0
DA:56,0
LF:30
LH:0
end_of_record
TN:
SF:/home/luka/Desktop/2026_Analysis_20-circa2020/20-circa2020/lib/src/formula/nodes/opnode.cpp
FN:3,_ZN6OpNodeC2Ev
FN:5,_ZN6OpNode6equalsEPS_S0_
FN:10,_ZN6OpNode11getPriorityE6OpType
FN:31,_ZN6OpNodeD2Ev
FN:31,_ZN6OpNodeD0Ev
FNDA:0,_ZN6OpNodeC2Ev
FNDA:0,_ZN6OpNode6equalsEPS_S0_
FNDA:0,_ZN6OpNodeD0Ev
FNDA:0,_ZN6OpNodeD2Ev
FNDA:0,_ZN6OpNode11getPriorityE6OpType
FNF:5
FNH:0
DA:3,0
DA:5,0
DA:7,0
DA:10,0
DA:12,0
DA:13,0
DA:16,0
DA:17,0
DA:18,0
DA:19,0
DA:20,0
DA:21,0
DA:22,0
DA:23,0
DA:24,0
DA:25,0
DA:26,0
DA:28,0
DA:31,0
LF:19
LH:0
end_of_record
TN:
SF:/home/luka/Desktop/2026_Analysis_20-circa2020/20-circa2020/lib/src/formula/nodes/ornode.cpp
FN:11,_ZN6OrNodeC2ESt6vectorIP6OpNodeSaIS2_EE
FN:15,_ZN6OrNodeD2Ev
FN:15,_ZN6OrNodeD0Ev
FN:21,_ZNK6OrNode8toStringB5cxx11Ev
FN:31,_ZN6OrNode8simplifyEv
FN:114,_ZNK6OrNode9getInputsEv
FN:119,_ZNK6OrNode7getTypeEv
FN:124,_ZNK6OrNode7isEqualEP6OpNode
FNDA:0,_ZNK6OrNode7getTypeEv
FNDA:0,_ZN6OrNodeC2ESt6vectorIP6OpNodeSaIS2_EE
FNDA:0,_ZNK6OrNode9getInputsEv
FNDA:0,_ZN6OrNode8simplifyEv
FNDA:0,_ZN6OrNodeD0Ev
FNDA:0,_ZNK6OrNode8toStringB5cxx11Ev
FNDA:0,_ZN6OrNodeD2Ev
FNDA:0,_ZNK6OrNode7isEqualEP6OpNode
FNF:8
FNH:0
DA:11,0
DA:13,0
DA:15,0
DA:17,0
DA:18,0
DA:19,0
DA:21,0
DA:23,0
DA:24,0
DA:25,0
DA:26,0
DA:28,0
DA:31,0
DA:33,0
DA:35,0
DA:36,0
DA:37,0
DA:39,0
DA:40,0
DA:41,0
DA:42,0
DA:43,0
DA:45,0
DA:46,0
DA:48,0
DA:50,0
DA:51,0
DA:52,0
DA:53,0
DA:55,0
DA:59,0
DA:60,0
DA:61,0
DA:63,0
DA:67,0
DA:68,0
DA:69,0
DA:70,0
DA:71,0
DA:72,0
DA:73,0
DA:76,0
DA:77,0
DA:79,0
DA:83,0
DA:84,0
DA:85,0
DA:86,0
DA:87,0
DA:88,0
DA:89,0
DA:90,0
DA:91,0
DA:92,0
DA:93,0
DA:96,0
DA:97,0
DA:101,0
DA:102,0
DA:103,0
DA:105,0
DA:109,0
DA:110,0
DA:111,0
DA:114,0
DA:116,0
DA:119,0
DA:121,0
DA:124,0
DA:126,0
DA:130,0
DA:131,0
DA:132,0
DA:133,0
DA:134,0
DA:135,0
DA:136,0
DA:137,0
DA:140,0
DA:141,0
DA:143,0
LF:81
LH:0
end_of_record
TN:
SF:/home/luka/Desktop/2026_Analysis_20-circa2020/20-circa2020/lib/src/formula/nodes/outputnode.cpp
FN:3,_ZN10OutputNodeC2EiP6OpNode
FN:7,_ZN10OutputNodeD0Ev
FN:7,_ZN10OutputNodeD2Ev
FN:12,_ZNK10OutputNode8toStringB5cxx11Ev
FN:17,_ZN10OutputNode8simplifyEv
FN:22,_ZNK10OutputNode8getInputEv
FN:27,_ZNK10OutputNode7getTypeEv
FN:32,_ZNK10OutputNode7isEqualEP6OpNode
FNDA:0,_ZN10OutputNodeD2Ev
FNDA:0,_ZNK10OutputNode8getInputEv
FNDA:0,_ZNK10OutputNode7getTypeEv
FNDA:0,_ZNK10OutputNode8toStringB5cxx11Ev
FNDA:0,_ZN10OutputNodeC2EiP6OpNode
FNDA:0,_ZN10OutputNode8simplifyEv
FNDA:0,_ZNK10OutputNode7isEqualEP6OpNode
FNDA:0,_ZN10OutputNodeD0Ev
FNF:8
FNH:0
DA:3,0
DA:5,0
DA:7,0
DA:9,0
DA:10,0
DA:12,0
DA:14,0
DA:17,0
DA:19,0
DA:22,0
DA:24,0
DA:27,0
DA:29,0
DA:32,0
DA:34,0
DA:35,0
LF:16
LH:0
end_of_record
TN:
SF:/home/luka/Desktop/2026_Analysis_20-circa2020/20-circa2020/lib/src/formula/nodes/xornode.cpp
FN:11,_ZN7XorNodeC2ESt6vectorIP6OpNodeSaIS2_EE
FN:15,_ZN7XorNodeD2Ev
FN:15,_ZN7XorNodeD0Ev
FN:21,_ZNK7XorNode8toStringB5cxx11Ev
FN:31,_ZN7XorNode8simplifyEv
FN:99,_ZNK7XorNode9getInputsEv
FN:104,_ZNK7XorNode7getTypeEv
FN:109,_ZNK7XorNode7isEqualEP6OpNode
FNDA:0,_ZN7XorNode8simplifyEv
FNDA:0,_ZNK7XorNode7getTypeEv
FNDA:0,_ZNK7XorNode8toStringB5cxx11Ev
FNDA:0,_ZN7XorNodeD2Ev
FNDA:0,_ZN7XorNodeD0Ev
FNDA:0,_ZN7XorNodeC2ESt6vectorIP6OpNodeSaIS2_EE
FNDA:0,_ZNK7XorNode9getInputsEv
FNDA:0,_ZNK7XorNode7isEqualEP6OpNode
FNF:8
FNH:0
DA:11,0
DA:13,0
DA:15,0
DA:17,0
DA:18,0
DA:19,0
DA:21,0
DA:23,0
DA:24,0
DA:25,0
DA:26,0
DA:28,0
DA:31,0
DA:33,0
DA:34,0
DA:35,0
DA:36,0
DA:38,0
DA:39,0
DA:40,0
DA:41,0
DA:42,0
DA:43,0
DA:44,0
DA:46,0
DA:47,0
DA:48,0
DA:49,0
DA:51,0
DA:55,0
DA:56,0
DA:57,0
DA:58,0
DA:59,0
DA:61,0
DA:65,0
DA:66,0
DA:67,0
DA:68,0
DA:69,0
DA:70,0
DA:71,0
DA:72,0
DA:73,0
DA:74,0
DA:75,0
DA:76,0
DA:79,0
DA:80,0
DA:82,0
DA:83,0
DA:84,0
DA:86,0
DA:89,0
DA:90,0
DA:94,0
DA:95,0
DA:96,0
DA:99,0
DA:101,0
DA:104,0
DA:106,0
DA:109,0
DA:111,0
DA:115,0
DA:116,0
DA:117,0
DA:118,0
DA:119,0
DA:120,0
DA:121,0
DA:122,0
DA:125,0
DA:126,0
DA:128,0
LF:75
LH:0
end_of_record
TN:
SF:/home/luka/Desktop/2026_Analysis_20-circa2020/20-circa2020/lib/src/gate/andgate.cpp
FN:3,_ZN7AndGateC2Ej
FN:7,_ZN7AndGateD2Ev
FN:7,_ZN7AndGateD0Ev
FN:9,_ZN7AndGate2opEv
FN:30,_ZNK7AndGate7getTypeEv
FNDA:0,_ZN7AndGate2opEv
FNDA:0,_ZN7AndGateD0Ev
FNDA:0,_ZN7AndGateD2Ev
FNDA:0,_ZNK7AndGate7getTypeEv
FNDA:0,_ZN7AndGateC2Ej
FNF:5
FNH:0
DA:3,0
DA:5,0
DA:7,0
DA:9,0
DA:11,0
DA:12,0
DA:13,0
DA:16,0
DA:17,0
DA:18,0
DA:19,0
DA:21,0
DA:22,0
DA:24,0
DA:25,0
DA:27,0
DA:30,0
DA:32,0
LF:18
LH:0
end_of_record
TN:
SF:/home/luka/Desktop/2026_Analysis_20-circa2020/20-circa2020/lib/src/gate/buffer.cpp
FN:3,_ZN6BufferC2Ev
FN:7,_ZN6BufferD0Ev
FN:7,_ZN6BufferD2Ev
FN:9,_ZN6Buffer2opEv
FN:14,_ZNK6Buffer7getTypeEv
FN:19,_ZN6Buffer12resizeInputsEj
FN:25,_ZN6Buffer13resizeOutputsEj
FNDA:0,_ZN6BufferD0Ev
FNDA:0,_ZN6BufferD2Ev
FNDA:0,_ZN6Buffer13resizeOutputsEj
FNDA:0,_ZN6Buffer2opEv
FNDA:0,_ZN6Buffer12resizeInputsEj
FNDA:0,_ZNK6Buffer7getTypeEv
FNDA:0,_ZN6BufferC2Ev
FNF:7
FNH:0
DA:3,0
DA:5,0
DA:7,0
DA:9,0
DA:11,0
DA:14,0
DA:16,0
DA:19,0
DA:21,0
DA:22,0
DA:23,0
DA:25,0
DA:27,0
DA:28,0
DA:29,0
LF:15
LH:0
end_of_record
TN:
SF:/home/luka/Desktop/2026_Analysis_20-circa2020/20-circa2020/lib/src/gate/gate.cpp
FN:3,_ZN4GateC2Ej
FN:7,_ZN4GateD0Ev
FN:7,_ZN4GateD2Ev
FN:9,_ZN4Gate6updateEv
FN:15,_ZN4Gate12resizeInputsEj
FN:22,_ZN4Gate13resizeOutputsEj
FNDA:0,_ZN4Gate12resizeInputsEj
FNDA:0,_ZN4GateC2Ej
FNDA:0,_ZN4GateD0Ev
FNDA:0,_ZN4Gate6updateEv
FNDA:0,_ZN4Gate13resizeOutputsEj
FNDA:0,_ZN4GateD2Ev
FNF:6
FNH:0
DA:3,0
DA:5,0
DA:7,0
DA:9,0
DA:11,0
DA:12,0
DA:13,0
DA:15,0
DA:17,0
DA:18,0
DA:19,0
DA:20,0
DA:22,0
DA:24,0
DA:25,0
DA:26,0
LF:16
LH:0
end_of_record
TN:
SF:/home/luka/Desktop/2026_Analysis_20-circa2020/20-circa2020/lib/src/gate/nandgate.cpp
FN:3,_ZN8NandGateC2Ej
FN:7,_ZN8NandGateD2Ev
FN:7,_ZN8NandGateD0Ev
FN:9,_ZN8NandGate2opEv
FN:30,_ZNK8NandGate7getTypeEv
FNDA:0,_ZN8NandGateD0Ev
FNDA:0,_ZN8NandGateD2Ev
FNDA:0,_ZN8NandGateC2Ej
FNDA:0,_ZN8NandGate2opEv
FNDA:0,_ZNK8NandGate7getTypeEv
FNF:5
FNH:0
DA:3,0
DA:5,0
DA:7,0
DA:9,0
DA:11,0
DA:12,0
DA:13,0
DA:16,0
DA:17,0
DA:18,0
DA:19,0
DA:21,0
DA:22,0
DA:24,0
DA:25,0
DA:27,0
DA:30,0
DA:32,0
LF:18
LH:0
end_of_record
TN:
SF:/home/luka/Desktop/2026_Analysis_20-circa2020/20-circa2020/lib/src/gate/norgate.cpp
FN:5,_ZN7NorGateC2Ej
FN:9,_ZN7NorGateD0Ev
FN:9,_ZN7NorGateD2Ev
FN:11,_ZN7NorGate2opEv
FN:32,_ZNK7NorGate7getTypeEv
FNDA:0,_ZN7NorGateC2Ej
FNDA:0,_ZNK7NorGate7getTypeEv
FNDA:0,_ZN7NorGate2opEv
FNDA:0,_ZN7NorGateD0Ev
FNDA:0,_ZN7NorGateD2Ev
FNF:5
FNH:0
DA:5,0
DA:7,0
DA:9,0
DA:11,0
DA:13,0
DA:14,0
DA:15,0
DA:18,0
DA:19,0
DA:20,0
DA:21,0
DA:23,0
DA:24,0
DA:26,0
DA:27,0
DA:29,0
DA:32,0
DA:34,0
LF:18
LH:0
end_of_record
TN:
SF:/home/luka/Desktop/2026_Analysis_20-circa2020/20-circa2020/lib/src/gate/notgate.cpp
FN:3,_ZN7NotGateC2Ev
FN:7,_ZN7NotGateD2Ev
FN:7,_ZN7NotGateD0Ev
FN:9,_ZN7NotGate2opEv
FN:14,_ZN7NotGate12resizeInputsEj
FN:20,_ZNK7NotGate7getTypeEv
FNDA:0,_ZNK7NotGate7getTypeEv
FNDA:0,_ZN7NotGate2opEv
FNDA:0,_ZN7NotGate12resizeInputsEj
FNDA:0,_ZN7NotGateC2Ev
FNDA:0,_ZN7NotGateD2Ev
FNDA:0,_ZN7NotGateD0Ev
FNF:6
FNH:0
DA:3,0
DA:5,0
DA:7,0
DA:9,0
DA:11,0
DA:14,0
DA:16,0
DA:17,0
DA:18,0
DA:20,0
DA:22,0
LF:11
LH:0
end_of_record
TN:
SF:/home/luka/Desktop/2026_Analysis_20-circa2020/20-circa2020/lib/src/gate/orgate.cpp
FN:3,_ZN6OrGateC2Ej
FN:7,_ZN6OrGateD0Ev
FN:7,_ZN6OrGateD2Ev
FN:10,_ZN6OrGate2opEv
FN:31,_ZNK6OrGate7getTypeEv
FNDA:0,_ZN6OrGate2opEv
FNDA:0,_ZNK6OrGate7getTypeEv
FNDA:0,_ZN6OrGateC2Ej
FNDA:0,_ZN6OrGateD2Ev
FNDA:0,_ZN6OrGateD0Ev
FNF:5
FNH:0
DA:3,0
DA:5,0
DA:7,0
DA:10,0
DA:12,0
DA:13,0
DA:14,0
DA:17,0
DA:18,0
DA:19,0
DA:20,0
DA:22,0
DA:23,0
DA:25,0
DA:26,0
DA:28,0
DA:31,0
DA:33,0
LF:18
LH:0
end_of_record
TN:
SF:/home/luka/Desktop/2026_Analysis_20-circa2020/20-circa2020/lib/src/gate/xnorgate.cpp
FN:5,_ZN8XnorGateC2Ej
FN:9,_ZN8XnorGateD2Ev
FN:9,_ZN8XnorGateD0Ev
FN:11,_ZN8XnorGate2opEv
FN:14,_ZZN8XnorGate2opEvENKUl10ConnectionE_clES0_
FN:19,_ZZN8XnorGate2opEvENKUlRK10ConnectionE0_clES2_
FN:25,_ZZN8XnorGate2opEvENKUlRK10ConnectionE1_clES2_
FN:35,_ZNK8XnorGate7getTypeEv
FNDA:0,_ZN8XnorGateD0Ev
FNDA:0,_ZNK8XnorGate7getTypeEv
FNDA:0,_ZZN8XnorGate2opEvENKUl10ConnectionE_clES0_
FNDA:0,_ZZN8XnorGate2opEvENKUlRK10ConnectionE0_clES2_
FNDA:0,_ZZN8XnorGate2opEvENKUlRK10ConnectionE1_clES2_
FNDA:0,_ZN8XnorGateD2Ev
FNDA:0,_ZN8XnorGateC2Ej
FNDA:0,_ZN8XnorGate2opEv
FNF:8
FNH:0
DA:5,0
DA:7,0
DA:9,0
DA:11,0
DA:14,0
DA:15,0
DA:17,0
DA:19,0
DA:20,0
DA:22,0
DA:25,0
DA:26,0
DA:29,0
DA:30,0
DA:32,0
DA:35,0
DA:37,0
LF:17
LH:0
end_of_record
TN:
SF:/home/luka/Desktop/2026_Analysis_20-circa2020/20-circa2020/lib/src/gate/xorgate.cpp
FN:5,_ZN7XorGateC2Ej
FN:9,_ZN7XorGateD2Ev
FN:9,_ZN7XorGateD0Ev
FN:11,_ZN7XorGate2opEv
FN:14,_ZZN7XorGate2opEvENKUl10ConnectionE_clES0_
FN:19,_ZZN7XorGate2opEvENKUlRK10ConnectionE0_clES2_
FN:25,_ZZN7XorGate2opEvENKUlRK10ConnectionE1_clES2_
FN:35,_ZNK7XorGate7getTypeEv
FNDA:0,_ZZN7XorGate2opEvENKUlRK10ConnectionE1_clES2_
FNDA:0,_ZN7XorGate2opEv
FNDA:0,_ZN7XorGateC2Ej
FNDA:0,_ZZN7XorGate2opEvENKUlRK10ConnectionE0_clES2_
FNDA:0,_ZNK7XorGate7getTypeEv
FNDA:0,_ZN7XorGateD2Ev
FNDA:0,_ZN7XorGateD0Ev
FNDA:0,_ZZN7XorGate2opEvENKUl10ConnectionE_clES0_
FNF:8
FNH:0
DA:5,0
DA:7,0
DA:9,0
DA:11,0
DA:14,0
DA:15,0
DA:17,0
DA:19,0
DA:20,0
DA:22,0
DA:25,0
DA:26,0
DA:29,0
DA:30,0
DA:32,0
DA:35,0
DA:37,0
LF:17
LH:0
end_of_record
TN:
SF:/home/luka/Desktop/2026_Analysis_20-circa2020/20-circa2020/lib/src/memory/dflipflop.cpp
FN:3,_ZN9DFlipFlopC2Ev
FN:9,_ZN9DFlipFlopD2Ev
FN:9,_ZN9DFlipFlopD0Ev
FN:11,_ZN9DFlipFlop12resizeInputsEj
FN:17,_ZN9DFlipFlop13resizeOutputsEj
FN:23,_ZN9DFlipFlop6updateEv
FN:70,_ZNK9DFlipFlop7getTypeEv
FNDA:0,_ZN9DFlipFlop13resizeOutputsEj
FNDA:0,_ZNK9DFlipFlop7getTypeEv
FNDA:0,_ZN9DFlipFlopC2Ev
FNDA:0,_ZN9DFlipFlopD0Ev
FNDA:0,_ZN9DFlipFlopD2Ev
FNDA:0,_ZN9DFlipFlop12resizeInputsEj
FNDA:0,_ZN9DFlipFlop6updateEv
FNF:7
FNH:0
DA:3,0
DA:5,0
DA:6,0
DA:7,0
DA:9,0
DA:11,0
DA:13,0
DA:14,0
DA:15,0
DA:17,0
DA:19,0
DA:20,0
DA:21,0
DA:23,0
DA:26,0
DA:27,0
DA:28,0
DA:29,0
DA:30,0
DA:34,0
DA:35,0
DA:36,0
DA:37,0
DA:38,0
DA:41,0
DA:42,0
DA:43,0
DA:44,0
DA:45,0
DA:48,0
DA:49,0
DA:50,0
DA:51,0
DA:52,0
DA:55,0
DA:56,0
DA:57,0
DA:58,0
DA:60,0
DA:61,0
DA:63,0
DA:64,0
DA:65,0
DA:70,0
DA:72,0
LF:45
LH:0
end_of_record
TN:
SF:/home/luka/Desktop/2026_Analysis_20-circa2020/20-circa2020/lib/src/memory/jkflipflop.cpp
FN:3,_ZN10JKFlipFlopC2Ev
FN:7,_ZN10JKFlipFlopD0Ev
FN:7,_ZN10JKFlipFlopD2Ev
FN:9,_ZN10JKFlipFlop12resizeInputsEj
FN:15,_ZN10JKFlipFlop13resizeOutputsEj
FN:21,_ZN10JKFlipFlop6updateEv
FN:55,_ZNK10JKFlipFlop7getTypeEv
FNDA:0,_ZN10JKFlipFlopC2Ev
FNDA:0,_ZN10JKFlipFlopD2Ev
FNDA:0,_ZN10JKFlipFlop12resizeInputsEj
FNDA:0,_ZNK10JKFlipFlop7getTypeEv
FNDA:0,_ZN10JKFlipFlop13resizeOutputsEj
FNDA:0,_ZN10JKFlipFlopD0Ev
FNDA:0,_ZN10JKFlipFlop6updateEv
FNF:7
FNH:0
DA:3,0
DA:5,0
DA:7,0
DA:9,0
DA:11,0
DA:12,0
DA:13,0
DA:15,0
DA:17,0
DA:18,0
DA:19,0
DA:21,0
DA:24,0
DA:25,0
DA:26,0
DA:27,0
DA:28,0
DA:32,0
DA:33,0
DA:34,0
DA:36,0
DA:37,0
DA:38,0
DA:39,0
DA:42,0
DA:43,0
DA:44,0
DA:45,0
DA:48,0
DA:49,0
DA:50,0
DA:51,0
DA:55,0
DA:57,0
LF:34
LH:0
end_of_record
TN:
SF:/home/luka/Desktop/2026_Analysis_20-circa2020/20-circa2020/lib/src/memory/srflipflop.cpp
FN:3,_ZN10SRFlipFlopC2Ev
FN:7,_ZN10SRFlipFlopD2Ev
FN:7,_ZN10SRFlipFlopD0Ev
FN:9,_ZN10SRFlipFlop12resizeInputsEj
FN:15,_ZN10SRFlipFlop13resizeOutputsEj
FN:21,_ZN10SRFlipFlop6updateEv
FN:55,_ZNK10SRFlipFlop7getTypeEv
FNDA:0,_ZN10SRFlipFlop12resizeInputsEj
FNDA:0,_ZN10SRFlipFlopD2Ev
FNDA:0,_ZN10SRFlipFlopD0Ev
FNDA:0,_ZN10SRFlipFlopC2Ev
FNDA:0,_ZN10SRFlipFlop13resizeOutputsEj
FNDA:0,_ZN10SRFlipFlop6updateEv
FNDA:0,_ZNK10SRFlipFlop7getTypeEv
FNF:7
FNH:0
DA:3,0
DA:5,0
DA:7,0
DA:9,0
DA:11,0
DA:12,0
DA:13,0
DA:15,0
DA:17,0
DA:18,0
DA:19,0
DA:21,0
DA:24,0
DA:25,0
DA:26,0
DA:27,0
DA:28,0
DA:32,0
DA:33,0
DA:34,0
DA:36,0
DA:37,0
DA:38,0
DA:39,0
DA:42,0
DA:43,0
DA:44,0
DA:45,0
DA:48,0
DA:49,0
DA:50,0
DA:51,0
DA:55,0
DA:57,0
LF:34
LH:0
end_of_record
TN:
SF:/home/luka/Desktop/2026_Analysis_20-circa2020/20-circa2020/lib/src/memory/tflipflop.cpp
FN:3,_ZN9TFlipFlopC2Ev
FN:10,_ZN9TFlipFlopD2Ev
FN:10,_ZN9TFlipFlopD0Ev
FN:12,_ZN9TFlipFlop12resizeInputsEj
FN:18,_ZN9TFlipFlop13resizeOutputsEj
FN:24,_ZN9TFlipFlop6updateEv
FN:48,_ZNK9TFlipFlop7getTypeEv
FNDA:0,_ZN9TFlipFlopC2Ev
FNDA:0,_ZN9TFlipFlopD0Ev
FNDA:0,_ZN9TFlipFlopD2Ev
FNDA:0,_ZN9TFlipFlop6updateEv
FNDA:0,_ZNK9TFlipFlop7getTypeEv
FNDA:0,_ZN9TFlipFlop13resizeOutputsEj
FNDA:0,_ZN9TFlipFlop12resizeInputsEj
FNF:7
FNH:0
DA:3,0
DA:6,0
DA:7,0
DA:8,0
DA:10,0
DA:12,0
DA:14,0
DA:15,0
DA:16,0
DA:18,0
DA:20,0
DA:21,0
DA:22,0
DA:24,0
DA:27,0
DA:28,0
DA:29,0
DA:30,0
DA:31,0
DA:35,0
DA:36,0
DA:38,0
DA:39,0
DA:41,0
DA:42,0
DA:43,0
DA:44,0
DA:48,0
DA:50,0
LF:29
LH:0
end_of_record
TN:
SF:/home/luka/Desktop/2026_Analysis_20-circa2020/20-circa2020/lib/src/plexer/decoder.cpp
FN:5,_ZN7DecoderC2Ev
FN:9,_ZN7DecoderD2Ev
FN:9,_ZN7DecoderD0Ev
FN:11,_ZN7Decoder13resizeOutputsEj
FN:16,_ZN7Decoder12resizeInputsEj
FN:38,_ZN7Decoder6updateEv
FN:75,_ZNK7Decoder7getTypeEv
FNDA:0,_ZN7Decoder6updateEv
FNDA:0,_ZN7Decoder12resizeInputsEj
FNDA:0,_ZN7Decoder13resizeOutputsEj
FNDA:0,_ZN7DecoderC2Ev
FNDA:0,_ZN7DecoderD2Ev
FNDA:0,_ZN7DecoderD0Ev
FNDA:0,_ZNK7Decoder7getTypeEv
FNF:7
FNH:0
DA:5,0
DA:7,0
DA:9,0
DA:11,0
DA:13,0
DA:16,0
DA:18,0
DA:19,0
DA:21,0
DA:22,0
DA:24,0
DA:26,0
DA:27,0
DA:28,0
DA:30,0
DA:31,0
DA:33,0
DA:35,0
DA:38,0
DA:40,0
DA:42,0
DA:43,0
DA:44,0
DA:45,0
DA:47,0
DA:51,0
DA:52,0
DA:53,0
DA:54,0
DA:56,0
DA:60,0
DA:61,0
DA:62,0
DA:66,0
DA:67,0
DA:68,0
DA:70,0
DA:75,0
DA:77,0
LF:39
LH:0
end_of_record
TN:
SF:/home/luka/Desktop/2026_Analysis_20-circa2020/20-circa2020/lib/src/plexer/demultiplexer.cpp
FN:7,_ZN13DemultiplexerC2Ev
FN:12,_ZN13DemultiplexerD2Ev
FN:12,_ZN13DemultiplexerD0Ev
FN:14,_ZN13Demultiplexer13resizeOutputsEj
FN:19,_ZN13Demultiplexer12resizeInputsEj
FN:67,_ZN13Demultiplexer6updateEv
FN:121,_ZNK13Demultiplexer7getTypeEv
FNDA:0,_ZN13DemultiplexerC2Ev
FNDA:0,_ZNK13Demultiplexer7getTypeEv
FNDA:0,_ZN13DemultiplexerD0Ev
FNDA:0,_ZN13Demultiplexer13resizeOutputsEj
FNDA:0,_ZN13Demultiplexer12resizeInputsEj
FNDA:0,_ZN13Demultiplexer6updateEv
FNDA:0,_ZN13DemultiplexerD2Ev
FNF:7
FNH:0
DA:7,0
DA:9,0
DA:10,0
DA:12,0
DA:14,0
DA:16,0
DA:19,0
DA:21,0
DA:23,0
DA:24,0
DA:26,0
DA:27,0
DA:28,0
DA:29,0
DA:31,0
DA:33,0
DA:35,0
DA:36,0
DA:38,0
DA:39,0
DA:41,0
DA:43,0
DA:44,0
DA:47,0
DA:49,0
DA:51,0
DA:52,0
DA:54,0
DA:55,0
DA:56,0
DA:58,0
DA:59,0
DA:61,0
DA:63,0
DA:67,0
DA:71,0
DA:72,0
DA:73,0
DA:75,0
DA:79,0
DA:80,0
DA:82,0
DA:83,0
DA:84,0
DA:85,0
DA:87,0
DA:91,0
DA:92,0
DA:93,0
DA:94,0
DA:96,0
DA:100,0
DA:101,0
DA:102,0
DA:103,0
DA:107,0
DA:108,0
DA:109,0
DA:111,0
DA:115,0
DA:116,0
DA:121,0
DA:123,0
LF:63
LH:0
end_of_record
TN:
SF:/home/luka/Desktop/2026_Analysis_20-circa2020/20-circa2020/lib/src/plexer/encoder.cpp
FN:7,_ZN7EncoderC2Ev
FN:11,_ZN7EncoderD0Ev
FN:11,_ZN7EncoderD2Ev
FN:13,_ZN7Encoder12resizeInputsEj
FN:35,_ZN7Encoder13resizeOutputsEj
FN:40,_ZN7Encoder6updateEv
FN:77,_ZNK7Encoder7getTypeEv
FNDA:0,_ZN7Encoder6updateEv
FNDA:0,_ZN7Encoder13resizeOutputsEj
FNDA:0,_ZN7Encoder12resizeInputsEj
FNDA:0,_ZN7EncoderC2Ev
FNDA:0,_ZN7EncoderD2Ev
FNDA:0,_ZNK7Encoder7getTypeEv
FNDA:0,_ZN7EncoderD0Ev
FNF:7
FNH:0
DA:7,0
DA:9,0
DA:11,0
DA:13,0
DA:15,0
DA:16,0
DA:18,0
DA:19,0
DA:21,0
DA:23,0
DA:24,0
DA:25,0
DA:27,0
DA:28,0
DA:30,0
DA:32,0
DA:35,0
DA:37,0
DA:40,0
DA:42,0
DA:43,0
DA:46,0
DA:47,0
DA:48,0
DA:49,0
DA:52,0
DA:53,0
DA:54,0
DA:56,0
DA:58,0
DA:59,0
DA:60,0
DA:62,0
DA:66,0
DA:67,0
DA:68,0
DA:69,0
DA:72,0
DA:73,0
DA:77,0
DA:79,0
LF:41
LH:0
end_of_record
TN:
SF:/home/luka/Desktop/2026_Analysis_20-circa2020/20-circa2020/lib/src/plexer/multiplexer.cpp
FN:7,_ZN11MultiplexerC2Ev
FN:11,_ZN11MultiplexerD2Ev
FN:11,_ZN11MultiplexerD0Ev
FN:13,_ZN11Multiplexer12resizeInputsEj
FN:50,_ZN11Multiplexer2opEv
FN:80,_ZNK11Multiplexer9serializeERSo
FN:86,_ZN11Multiplexer11deserializeERSiSt3mapIiP9ComponentSt4lessIiESaISt4pairIKiS3_EEE
FN:92,_ZNK11Multiplexer7getTypeEv
FNDA:0,_ZNK11Multiplexer9serializeERSo
FNDA:0,_ZN11Multiplexer12resizeInputsEj
FNDA:0,_ZN11MultiplexerC2Ev
FNDA:0,_ZN11Multiplexer11deserializeERSiSt3mapIiP9ComponentSt4lessIiESaISt4pairIKiS3_EEE
FNDA:0,_ZN11MultiplexerD0Ev
FNDA:0,_ZNK11Multiplexer7getTypeEv
FNDA:0,_ZN11MultiplexerD2Ev
FNDA:0,_ZN11Multiplexer2opEv
FNF:8
FNH:0
DA:7,0
DA:9,0
DA:11,0
DA:13,0
DA:16,0
DA:18,0
DA:19,0
DA:21,0
DA:22,0
DA:23,0
DA:25,0
DA:26,0
DA:29,0
DA:31,0
DA:32,0
DA:35,0
DA:36,0
DA:38,0
DA:39,0
DA:41,0
DA:42,0
DA:43,0
DA:46,0
DA:50,0
DA:53,0
DA:54,0
DA:55,0
DA:59,0
DA:60,0
DA:61,0
DA:65,0
DA:66,0
DA:67,0
DA:68,0
DA:69,0
DA:70,0
DA:73,0
DA:74,0
DA:77,0
DA:80,0
DA:82,0
DA:83,0
DA:84,0
DA:86,0
DA:88,0
DA:89,0
DA:90,0
DA:92,0
DA:94,0
LF:49
LH:0
end_of_record
TN:
SF:/home/luka/Desktop/2026_Analysis_20-circa2020/20-circa2020/lib/src/util/stringutil.cpp
FN:6,_ZN10StringUtilC2Ev
FN:8,_ZN10StringUtil4joinERKSt6vectorINSt7__cxx1112basic_stringIcSt11char_traitsIcESaIcEEESaIS6_EEPKc
FN:25,_ZN10StringUtil15parenthesize_ifERKNSt7__cxx1112basic_stringIcSt11char_traitsIcESaIcEEEb
FNDA:0,_ZN10StringUtil4joinERKSt6vectorINSt7__cxx1112basic_stringIcSt11char_traitsIcESaIcEEESaIS6_EEPKc
FNDA:0,_ZN10StringUtil15parenthesize_ifERKNSt7__cxx1112basic_stringIcSt11char_traitsIcESaIcEEEb
FNDA:0,_ZN10StringUtilC2Ev
FNF:3
FNH:0
DA:6,0
DA:8,0
DA:10,0
DA:11,0
DA:12,0
DA:14,0
DA:15,0
DA:16,0
DA:18,0
DA:19,0
DA:22,0
DA:25,0
DA:27,0
DA:28,0
DA:29,0
DA:30,0
DA:32,0
LF:17
LH:0
end_of_record
TN:
SF:/home/luka/Desktop/2026_Analysis_20-circa2020/20-circa2020/lib/src/wiring/clock.cpp
FN:3,_ZN5ClockC2ERKN6Signal5StateE
FN:8,_ZN5ClockD2Ev
FN:8,_ZN5ClockD0Ev
FN:10,_ZN5ClockC2Ev
FN:14,_ZN5Clock12resizeInputsEj
FN:19,_ZN5Clock13resizeOutputsEj
FN:24,_ZN5Clock4tickEv
FN:29,_ZN5Clock8setStateEN6Signal5StateE
FN:41,_ZN5Clock6updateEv
FN:46,_ZN5Clock8getStateEv
FN:51,_ZNK5Clock9serializeERSo
FN:58,_ZN5Clock11deserializeERSiSt3mapIiP9ComponentSt4lessIiESaISt4pairIKiS3_EEE
FN:66,_ZNK5Clock7getTypeEv
FNDA:0,_ZN5ClockD0Ev
FNDA:0,_ZN5Clock6updateEv
FNDA:0,_ZN5Clock8setStateEN6Signal5StateE
FNDA:0,_ZN5Clock12resizeInputsEj
FNDA:0,_ZN5Clock13resizeOutputsEj
FNDA:0,_ZN5ClockD2Ev
FNDA:0,_ZNK5Clock7getTypeEv
FNDA:0,_ZN5Clock8getStateEv
FNDA:0,_ZNK5Clock9serializeERSo
FNDA:0,_ZN5Clock11deserializeERSiSt3mapIiP9ComponentSt4lessIiESaISt4pairIKiS3_EEE
FNDA:0,_ZN5Clock4tickEv
FNDA:0,_ZN5ClockC2ERKN6Signal5StateE
FNDA:0,_ZN5ClockC2Ev
FNF:13
FNH:0
DA:3,0
DA:5,0
DA:6,0
DA:8,0
DA:10,0
DA:12,0
DA:14,0
DA:16,0
DA:19,0
DA:21,0
DA:24,0
DA:26,0
DA:27,0
DA:29,0
DA:31,0
DA:32,0
DA:33,0
DA:34,0
DA:35,0
DA:36,0
DA:37,0
DA:39,0
DA:41,0
DA:43,0
DA:44,0
DA:46,0
DA:48,0
DA:51,0
DA:53,0
DA:54,0
DA:55,0
DA:56,0
DA:58,0
DA:60,0
DA:62,0
DA:63,0
DA:64,0
DA:66,0
DA:68,0
LF:39
LH:0
end_of_record
TN:
SF:/home/luka/Desktop/2026_Analysis_20-circa2020/20-circa2020/lib/src/wiring/constant.cpp
FN:3,_ZN8ConstantC2ERKN6Signal5StateE
FN:8,_ZN8ConstantD2Ev
FN:8,_ZN8ConstantD0Ev
FN:10,_ZN8Constant12resizeInputsEj
FN:15,_ZN8Constant13resizeOutputsEj
FN:20,_ZN8Constant6updateEv
FN:25,_ZNK8Constant9serializeERSo
FN:32,_ZN8Constant11deserializeERSiSt3mapIiP9ComponentSt4lessIiESaISt4pairIKiS3_EEE
FN:40,_ZNK8Constant7getTypeEv
FNDA:0,_ZN8ConstantD2Ev
FNDA:0,_ZN8Constant6updateEv
FNDA:0,_ZNK8Constant7getTypeEv
FNDA:0,_ZN8Constant13resizeOutputsEj
FNDA:0,_ZNK8Constant9serializeERSo
FNDA:0,_ZN8ConstantC2ERKN6Signal5StateE
FNDA:0,_ZN8Constant12resizeInputsEj
FNDA:0,_ZN8ConstantD0Ev
FNDA:0,_ZN8Constant11deserializeERSiSt3mapIiP9ComponentSt4lessIiESaISt4pairIKiS3_EEE
FNF:9
FNH:0
DA:3,0
DA:5,0
DA:6,0
DA:8,0
DA:10,0
DA:12,0
DA:15,0
DA:17,0
DA:20,0
DA:22,0
DA:23,0
DA:25,0
DA:27,0
DA:28,0
DA:29,0
DA:30,0
DA:32,0
DA:34,0
DA:36,0
DA:37,0
DA:38,0
DA:40,0
DA:42,0
LF:23
LH:0
end_of_record
TN:
SF:/home/luka/Desktop/2026_Analysis_20-circa2020/20-circa2020/lib/src/wiring/lightbulb.cpp
FN:3,_ZN9LightBulbC2Ev
FN:7,_ZN9LightBulbD0Ev
FN:7,_ZN9LightBulbD2Ev
FN:9,_ZN9LightBulb9getOutputEv
FN:14,_ZN9LightBulb6updateEv
FN:18,_ZNK9LightBulb7getTypeEv
FN:23,_ZN9LightBulb12resizeInputsEj
FN:28,_ZN9LightBulb13resizeOutputsEj
FNDA:0,_ZNK9LightBulb7getTypeEv
FNDA:0,_ZN9LightBulb13resizeOutputsEj
FNDA:0,_ZN9LightBulb9getOutputEv
FNDA:0,_ZN9LightBulb12resizeInputsEj
FNDA:0,_ZN9LightBulbD2Ev
FNDA:0,_ZN9LightBulb6updateEv
FNDA:0,_ZN9LightBulbD0Ev
FNDA:0,_ZN9LightBulbC2Ev
FNF:8
FNH:0
DA:3,0
DA:5,0
DA:7,0
DA:9,0
DA:11,0
DA:14,0
DA:16,0
DA:18,0
DA:20,0
DA:23,0
DA:25,0
DA:28,0
DA:30,0
LF:13
LH:0
end_of_record
TN:
SF:/home/luka/Desktop/2026_Analysis_20-circa2020/20-circa2020/lib/src/wiring/pin.cpp
FN:3,_ZN3PinC2ERKN6Signal5StateE
FN:8,_ZN3PinD0Ev
FN:8,_ZN3PinD2Ev
FN:10,_ZN3PinC2Ev
FN:14,_ZN3Pin12resizeInputsEj
FN:19,_ZN3Pin13resizeOutputsEj
FN:24,_ZN3Pin4flipEv
FN:29,_ZN3Pin8setStateEN6Signal5StateE
FN:41,_ZN3Pin6updateEv
FN:46,_ZN3Pin8getStateEv
FN:51,_ZNK3Pin9serializeERSo
FN:58,_ZN3Pin11deserializeERSiSt3mapIiP9ComponentSt4lessIiESaISt4pairIKiS3_EEE
FN:66,_ZNK3Pin7getTypeEv
FNDA:0,_ZN3Pin12resizeInputsEj
FNDA:0,_ZN3Pin11deserializeERSiSt3mapIiP9ComponentSt4lessIiESaISt4pairIKiS3_EEE
FNDA:0,_ZN3Pin8getStateEv
FNDA:0,_ZN3PinC2ERKN6Signal5StateE
FNDA:0,_ZN3PinD0Ev
FNDA:0,_ZNK3Pin7getTypeEv
FNDA:0,_ZNK3Pin9serializeERSo
FNDA:0,_ZN3Pin13resizeOutputsEj
FNDA:0,_ZN3Pin8setStateEN6Signal5StateE
FNDA:0,_ZN3Pin4flipEv
FNDA:0,_ZN3PinC2Ev
FNDA:0,_ZN3PinD2Ev
FNDA:0,_ZN3Pin6updateEv
FNF:13
FNH:0
DA:3,0
DA:5,0
DA:6,0
DA:8,0
DA:10,0
DA:12,0
DA:14,0
DA:16,0
DA:19,0
DA:21,0
DA:24,0
DA:26,0
DA:27,0
DA:29,0
DA:31,0
DA:32,0
DA:33,0
DA:34,0
DA:35,0
DA:36,0
DA:37,0
DA:39,0
DA:41,0
DA:43,0
DA:44,0
DA:46,0
DA:48,0
DA:51,0
DA:53,0
DA:54,0
DA:55,0
DA:56,0
DA:58,0
DA:60,0
DA:62,0
DA:63,0
DA:64,0
DA:66,0
DA:68,0
LF:39
LH:0
end_of_record
TN:
SF:/home/luka/Desktop/2026_Analysis_20-circa2020/20-circa2020/lib/src/wiring/splitter.cpp
FN:5,_ZN8SplitterC2Ev
FN:9,_ZN8SplitterD0Ev
FN:9,_ZN8SplitterD2Ev
FN:11,_ZN8Splitter12resizeInputsEj
FN:17,_ZN8Splitter13resizeOutputsEj
FN:29,_ZN8Splitter6updateEv
FN:39,_ZNK8Splitter7getTypeEv
FNDA:0,_ZN8SplitterD2Ev
FNDA:0,_ZN8SplitterC2Ev
FNDA:0,_ZN8Splitter13resizeOutputsEj
FNDA:0,_ZN8Splitter12resizeInputsEj
FNDA:0,_ZN8SplitterD0Ev
FNDA:0,_ZN8Splitter6updateEv
FNDA:0,_ZNK8Splitter7getTypeEv
FNF:7
FNH:0
DA:5,0
DA:7,0
DA:9,0
DA:11,0
DA:13,0
DA:14,0
DA:15,0
DA:17,0
DA:19,0
DA:20,0
DA:22,0
DA:23,0
DA:25,0
DA:26,0
DA:29,0
DA:32,0
DA:34,0
DA:35,0
DA:37,0
DA:39,0
DA:41,0
LF:21
LH:0
end_of_record
TN:
SF:/home/luka/Desktop/2026_Analysis_20-circa2020/20-circa2020/lib/src/wiring/wire.cpp
FN:3,_ZN4WireC2Ev
FN:7,_ZN4WireD2Ev
FN:7,_ZN4WireD0Ev
FN:9,_ZN4Wire12resizeInputsEj
FN:16,_ZN4Wire13resizeOutputsEj
FN:23,_ZN4Wire6updateEv
FN:73,_ZNK4Wire9serializeERSo
FN:80,_ZN4Wire11deserializeERSiSt3mapIiP9ComponentSt4lessIiESaISt4pairIKiS3_EEE
FN:88,_ZNK4Wire7getTypeEv
FN:93,_ZNK4Wire8getStateEv
FNDA:0,_ZN4Wire12resizeInputsEj
FNDA:0,_ZN4Wire11deserializeERSiSt3mapIiP9ComponentSt4lessIiESaISt4pairIKiS3_EEE
FNDA:0,_ZN4Wire13resizeOutputsEj
FNDA:0,_ZNK4Wire8getStateEv
FNDA:0,_ZN4WireD0Ev
FNDA:0,_ZNK4Wire7getTypeEv
FNDA:0,_ZN4Wire6updateEv
FNDA:0,_ZNK4Wire9serializeERSo
FNDA:0,_ZN4WireC2Ev
FNDA:0,_ZN4WireD2Ev
FNF:10
FNH:0
DA:3,0
DA:5,0
DA:7,0
DA:9,0
DA:11,0
DA:12,0
DA:13,0
DA:14,0
DA:16,0
DA:18,0
DA:19,0
DA:20,0
DA:21,0
DA:23,0
DA:25,0
DA:26,0
DA:27,0
DA:28,0
DA:32,0
DA:33,0
DA:34,0
DA:35,0
DA:36,0
DA:37,0
DA:38,0
DA:39,0
DA:40,0
DA:41,0
DA:42,0
DA:43,0
DA:44,0
DA:46,0
DA:47,0
DA:48,0
DA:49,0
DA:50,0
DA:51,0
DA:53,0
DA:55,0
DA:58,0
DA:59,0
DA:61,0
DA:62,0
DA:63,0
DA:65,0
DA:66,0
DA:67,0
DA:68,0
DA:71,0
DA:73,0
DA:75,0
DA:76,0
DA:77,0
DA:78,0
DA:80,0
DA:82,0
DA:84,0
DA:85,0
DA:86,0
DA:88,0
DA:90,0
DA:93,0
DA:95,0
LF:63
LH:0
end_of_record
